Counts of the no. of SARS COV2 proteins an individual complex interacts with in Predicted/./Complexes/Complex2proteins_covid
{1: 799, 2: 45}
Counts of the no. of proteins in an individual complex interacting with SARS COV2 in Predicted/./Complexes/Complex2proteins_covid
[(1, 686), (2, 124), (3, 22), (4, 10), (5, 1), (6, 1)]
Counts of the no. of SARS COV2 proteins an individual complex interacts with in Predicted/./humap/website/Complex2proteins_covid
{1: 171, 2: 12}
Counts of the no. of proteins in an individual complex interacting with SARS COV2 in Predicted/./humap/website/Complex2proteins_covid
[(1, 140), (2, 34), (3, 5), (4, 3), (6, 1)]
Counts of the no. of SARS COV2 proteins an individual complex interacts with in Predicted/./humap/website/Complex2proteins_covid
{1: 171, 2: 12}
Counts of the no. of proteins in an individual complex interacting with SARS COV2 in Predicted/./humap/website/Complex2proteins_covid
[(1, 140), (2, 34), (3, 5), (4, 3), (6, 1)]
Counts of the no. of SARS COV2 proteins an individual complex interacts with in Predicted/./humap/website/Complex2proteins_covid
{1: 171, 2: 12}
Counts of the no. of proteins in an individual complex interacting with SARS COV2 in Predicted/./humap/website/Complex2proteins_covid
[(1, 140), (2, 34), (3, 5), (4, 3), (6, 1)]
Counts of the no. of SARS COV2 proteins an individual complex interacts with in Predicted/./humap/website/Complex2proteins_covid
{1: 171, 2: 12}
Counts of the no. of proteins in an individual complex interacting with SARS COV2 in Predicted/./humap/website/Complex2proteins_covid
[(1, 140), (2, 34), (3, 5), (4, 3), (6, 1)]
Counts of the no. of SARS COV2 proteins an individual complex interacts with in Predicted/./humap/website/Complex2proteins_covid
{1: 171, 2: 12}
Counts of the no. of proteins in an individual complex interacting with SARS COV2 in Predicted/./humap/website/Complex2proteins_covid
[(1, 140), (2, 34), (3, 5), (4, 3), (6, 1)]
Counts of the no. of SARS COV2 proteins an individual complex interacts with in Predicted/./humap/website/Complex2proteins_covid
{1: 171, 2: 12}
Counts of the no. of proteins in an individual complex interacting with SARS COV2 in Predicted/./humap/website/Complex2proteins_covid
[(1, 140), (2, 34), (3, 5), (4, 3), (6, 1)]
Counts of the no. of SARS COV2 proteins an individual complex interacts with in Predicted/./humap/website/Complex2proteins_covid
{1: 171, 2: 12}
Counts of the no. of proteins in an individual complex interacting with SARS COV2 in Predicted/./humap/website/Complex2proteins_covid
[(1, 140), (2, 34), (3, 5), (4, 3), (6, 1)]
Counts of the no. of SARS COV2 proteins an individual complex interacts with in Predicted/./humap/website/Complex2proteins_covid
{1: 171, 2: 12}
Counts of the no. of proteins in an individual complex interacting with SARS COV2 in Predicted/./humap/website/Complex2proteins_covid
[(1, 140), (2, 34), (3, 5), (4, 3), (6, 1)]
Counts of the no. of SARS COV2 proteins an individual complex interacts with in Predicted/./humap/website/Complex2proteins_covid
{1: 171, 2: 12}
Counts of the no. of proteins in an individual complex interacting with SARS COV2 in Predicted/./humap/website/Complex2proteins_covid
[(1, 140), (2, 34), (3, 5), (4, 3), (6, 1)]
Counts of the no. of SARS COV2 proteins an individual complex interacts with in Predicted/./humap/website/Complex2proteins_covid
{1: 171, 2: 12}
Counts of the no. of proteins in an individual complex interacting with SARS COV2 in Predicted/./humap/website/Complex2proteins_covid
[(1, 140), (2, 34), (3, 5), (4, 3), (6, 1)]
Counts of the no. of SARS COV2 proteins an individual complex interacts with in Predicted/./humap/website/Complex2proteins_covid
{1: 171, 2: 12}
Counts of the no. of proteins in an individual complex interacting with SARS COV2 in Predicted/./humap/website/Complex2proteins_covid
[(1, 140), (2, 34), (3, 5), (4, 3), (6, 1)]
Counts of the no. of SARS COV2 proteins an individual complex interacts with in Predicted/./humap/website/Complex2proteins_covid
{1: 171, 2: 12}
Counts of the no. of proteins in an individual complex interacting with SARS COV2 in Predicted/./humap/website/Complex2proteins_covid
[(1, 140), (2, 34), (3, 5), (4, 3), (6, 1)]
Counts of the no. of SARS COV2 proteins an individual complex interacts with in Predicted/./humap/website/Complex2proteins_covid
{1: 171, 2: 12}
Counts of the no. of proteins in an individual complex interacting with SARS COV2 in Predicted/./humap/website/Complex2proteins_covid
[(1, 140), (2, 34), (3, 5), (4, 3), (6, 1)]
Counts of the no. of SARS COV2 proteins an individual complex interacts with in Predicted/./humap/website/Complex2proteins_covid
{1: 171, 2: 12}
Counts of the no. of proteins in an individual complex interacting with SARS COV2 in Predicted/./humap/website/Complex2proteins_covid
[(1, 140), (2, 34), (3, 5), (4, 3), (6, 1)]
Counts of the no. of SARS COV2 proteins an individual complex interacts with in Predicted/./humap/website/Complex2proteins_covid
{1: 172, 2: 12}
Counts of the no. of proteins in an individual complex interacting with SARS COV2 in Predicted/./humap/website/Complex2proteins_covid
[(1, 142), (2, 33), (3, 5), (4, 3), (6, 1)]
Counts of the no. of SARS COV2 proteins an individual complex interacts with in Predicted/./Complexes/Complex2proteins_covid
{1: 172, 2: 12}
Counts of the no. of proteins in an individual complex interacting with SARS COV2 in Predicted/./Complexes/Complex2proteins_covid
[(1, 142), (2, 33), (3, 5), (4, 3), (6, 1)]
Counts of the no. of SARS COV2 proteins an individual complex interacts with in Predicted/../Complexes/Complex2proteins_covid
{1: 172, 2: 12}
Counts of the no. of proteins in an individual complex interacting with SARS COV2 in Predicted/../Complexes/Complex2proteins_covid
[(1, 142), (2, 33), (3, 5), (4, 3), (6, 1)]
Counts of the no. of SARS COV2 proteins an individual complex interacts with in Predicted/../Complexes/Complex2proteins_covid
{1: 172, 2: 12}
Counts of the no. of proteins in an individual complex interacting with SARS COV2 in Predicted/../Complexes/Complex2proteins_covid
[(1, 142), (2, 33), (3, 5), (4, 3), (6, 1)]
Counts of the no. of SARS COV2 proteins an individual complex interacts with in Predicted/./humap/website/Complex2proteins_covid
{1: 172, 2: 12}
Counts of the no. of proteins in an individual complex interacting with SARS COV2 in Predicted/./humap/website/Complex2proteins_covid
[(1, 142), (2, 33), (3, 5), (4, 3), (6, 1)]
Counts of the no. of SARS COV2 proteins an individual complex interacts with in Predicted/./humap/website/Complex2proteins_covid
{1: 172, 2: 12}
Counts of the no. of proteins in an individual complex interacting with SARS COV2 in Predicted/./humap/website/Complex2proteins_covid
[(1, 142), (2, 33), (3, 5), (4, 3), (6, 1)]
Counts of the no. of SARS COV2 proteins an individual complex interacts with in Predicted/./humap/website/Complex2proteins_covid
{1: 172, 2: 12}
Counts of the no. of proteins in an individual complex interacting with SARS COV2 in Predicted/./humap/website/Complex2proteins_covid
[(1, 142), (2, 33), (3, 5), (4, 3), (6, 1)]
Counts of the no. of SARS COV2 proteins an individual complex interacts with in Predicted/./humap/website/Complex2proteins_covid
{1: 172, 2: 12}
Counts of the no. of proteins in an individual complex interacting with SARS COV2 in Predicted/./humap/website/Complex2proteins_covid
[(1, 142), (2, 33), (3, 5), (4, 3), (6, 1)]
Counts of the no. of SARS COV2 proteins an individual complex interacts with in Predicted/./humap/website/Complex2proteins_covid
{1: 172, 2: 12}
Counts of the no. of proteins in an individual complex interacting with SARS COV2 in Predicted/./humap/website/Complex2proteins_covid
[(1, 142), (2, 33), (3, 5), (4, 3), (6, 1)]
Counts of the no. of SARS COV2 proteins an individual complex interacts with in Predicted/./humap/website/Complex2proteins_covid
{1: 172, 2: 12}
Counts of the no. of proteins in an individual complex interacting with SARS COV2 in Predicted/./humap/website/Complex2proteins_covid
[(1, 142), (2, 33), (3, 5), (4, 3), (6, 1)]
Counts of the no. of SARS COV2 proteins an individual complex interacts with in Predicted/./humap/website/Complex2proteins_covid
{1: 172, 2: 12}
Counts of the no. of proteins in an individual complex interacting with SARS COV2 in Predicted/./humap/website/Complex2proteins_covid
[(1, 142), (2, 33), (3, 5), (4, 3), (6, 1)]
Counts of the no. of SARS COV2 proteins an individual complex interacts with in Predicted/./humap/website/Complex2proteins_covid
{1: 172, 2: 12}
Counts of the no. of proteins in an individual complex interacting with SARS COV2 in Predicted/./humap/website/Complex2proteins_covid
[(1, 142), (2, 33), (3, 5), (4, 3), (6, 1)]
Counts of the no. of SARS COV2 proteins an individual complex interacts with in Predicted/./humap/website/Complex2proteins_covid
{1: 172, 2: 12}
Counts of the no. of proteins in an individual complex interacting with SARS COV2 in Predicted/./humap/website/Complex2proteins_covid
[(1, 142), (2, 33), (3, 5), (4, 3), (6, 1)]
Counts of the no. of SARS COV2 proteins an individual complex interacts with in Predicted/./humap/website/Complex2proteins_covid
{1: 172, 2: 12}
Counts of the no. of proteins in an individual complex interacting with SARS COV2 in Predicted/./humap/website/Complex2proteins_covid
[(1, 142), (2, 33), (3, 5), (4, 3), (6, 1)]
Counts of the no. of SARS COV2 proteins an individual complex interacts with in Predicted/./humap/website/Complex2proteins_covid
{1: 171, 2: 12}
Counts of the no. of proteins in an individual complex interacting with SARS COV2 in Predicted/./humap/website/Complex2proteins_covid
[(1, 140), (2, 34), (3, 5), (4, 3), (6, 1)]
Protein score and number of proteins in Predicted/./humap/Complexes/Protein2complex_annotated
Unknown 6
1 13
2 97
3 221
4 352
5 4543
Protein score and number of proteins in Predicted/./humap/Complexes/Protein2complex_annotated_covid
3 3
4 12
5 156
Protein score and number of proteins in Predicted/./humap/Complexes/Protein2complex_annotated
Unknown 5
1 14
2 97
3 221
4 352
5 4543
Protein score and number of proteins in Predicted/./humap/Complexes/Protein2complex_annotated_covid
3 3
4 12
5 156
