MBD3 ZNF521 KPNA3 MTA1 KPNA4 GATAD2B CHD3 HDAC2 0.39687500000000003
PDHA1 STAT5B PDHX DLAT STAT5A 0.39687500000000003
LARGE1 PKN1 PCYOX1L PLAUR DDX11 0.39687500000000003
ZNF197 ZKSCAN1 ZNF174 PGBD1 ZSCAN21 ZNF397 ZKSCAN4 ZSCAN22 ZSCAN23 ZSCAN29 ZSCAN18 ZSCAN16 ZNF24 ZKSCAN3 ZNF394 ZNF446 ZSCAN32 0.39687500000000003
ELOVL2 PIGW ABCD1 SLC39A4 S1PR5 GOLM1 TMEM143 0.39687500000000003
BNIP1 ATR ZW10 SCFD2 C19orf25 RINT1 0.39687500000000003
PUF60 SNRPD2 PSIP1 DDX5 RCC2 U2SURP 0.39687500000000003
ANAPC1 CDC23 ZNF12 CDC27 MAGIX ANAPC16 0.39687500000000003
EDC4 EDC3 PNRC1 DCP1A MARF1 DCP1B 0.39687500000000003
CCT4 CCT5 TCEA1 TCP1 CCT6B 0.39687500000000003
H2AFX RPL8 EEF1B2 RPS3 EIF3B RPS19 RPL23A RPS23 0.39687500000000003
CDH13 DPYSL3 AMPH CALB2 SYN2 GPM6B CAMKV NCAM1 CNTN1 RAB7A SYT1 GNAO1 SYP GPM6A CRMP1 MGAT5 DGUOK 0.39687500000000003
CNTLN CARNMT1 TAB1 MAP3K7 ZBTB25 LENG9 0.39687500000000003
PSMA5 PSMA4 AMT PSMA2 PSMB6 PSMF1 PSME1 PSMB10 PSMB2 0.39687500000000003
DHRS2 TMEFF1 FGF2 STEAP3 BCS1L 0.39687500000000003
KIF20A PDCD10 STK26 C4orf19 STK25 STK24 90850 0.39687500000000003
NUP133 NUP43 NUP214 NUP42 NUP205 NUP188 0.39687500000000003
CDKN2C CCND2 CDKN2B CDK4 CDKN2A OGFRL1 0.39687500000000003
HSP90AA5P HSP90AB4P HSP90AA4P FKBP5 SMYD3 HSP90AB3P 0.39687500000000003
P2RX4 PLD6 PIGH CYBC1 FAM20B 0.39687500000000003
RSBN1L UTP3 NGDN GPATCH4 DDX55 RSBN1 POP1 0.39687500000000003
BMI1 RING1 PHC3 CBX7 PHC2 0.39687500000000003
ST5 MYO5A MYO1E ACTB PPP1R12A ACTA1 0.39687500000000003
MRPL12 MRPL18 MRPL39 MCAT NGRN FASTKD2 PTCD1 MRPL49 MTERF3 MRPL35 MRPL22 MRPL44 MRPL52 MRPL46 MRPL2 MRPL9 MRPL42 MRPL54 0.39687500000000003
PPP3R1 DPYSL4 DPYSL3 CALB2 DCX NCAM1 DPYSL2 L1CAM EDIL3 GNAO1 DNM1L DCLK1 NCALD DPYSL5 DCK DGUOK STXBP1 STX1A 0.39687500000000003
MRPL28 MCAT MRPL1 MRPL24 MRPL52 MRPL43 MRPL17 MRPL14 PTCD1 MRPL19 MRPL30 MRPL9 MRPL34 0.39687500000000003
RPN2 STT3B RPN1 MAGT1 DDOST 0.39687500000000003
TANK CASP2 BBOX1 AZI2 TBK1 RTF2 0.39687500000000003
CASC4 EFCAB14 GRAMD1B GRAMD1C GRAMD2B EXD2 0.39687500000000003
PHKA1 PHKG2 NR2F6 PHKA2 MPPED1 NARF MPPED2 PHKB 0.39687500000000003
FAM193B TRIM44 TRIM35 KLHL41 MTMR1 TRIM10 0.39687500000000003
PPP1R15B FARP2 PLCB1 PTGER3 TYW1B 0.39687500000000003
GNG7 GNG5 GNAI1 GNG10 GNAI2 GNAI3 GNB4 GNG4 0.39687500000000003
GPS1 CUL3 DCAF11 COPS4 APPBP2 COPS3 CUL4B DDB2 COPS2 BTBD1 BTBD2 CUL2 0.39687500000000003
DPYSL4 AMPH HPCAL4 TPX2 CALB2 DCX SYN2 CAMKV RAB5A STX1B GRIA2 MAP2 EPB41L1 MAPT NCAM1 CNTN1 RAB7A DPYSL2 ATP4A EDIL3 DCLK1 ANK2 NTM CAMK2A SNCB RAB3A 0.39687500000000003
STRN PPP2R3B ANKLE2 STRN4 FECH STRN3 TBCCD1 SLMAP CTTNBP2 0.39687500000000003
HIRA C15orf41 UBN1 ASF1A UBN2 CDAN1 0.39687500000000003
RALBP1 AP2M1 GULP1 PJA2 NUMB SNX29 0.39687500000000003
YES1 PRKCA ERICH5 RALA PALM RRAS2 0.39687500000000003
SORBS3 CDC26 FBXO5 CDC27 PENK ANAPC2 ANAPC10 ANAPC7 GNPTAB CDC16 GNPTG ANAPC16 CDC20 ZNF12 ANAPC13 0.39687500000000003
RPL12 RPL10 SUPT16H RPS7 RPL29 G3BP1 0.39687500000000003
SURF6 DHX29 UTP23 RBM28 DHX30 SRP72 PURA 0.39687500000000003
MRPL9 MRPL19 MRPL27 MRPL4 MRPL49 MRPL15 MRPL53 MRPL37 MRPL22 MRPL35 MRPL40 MRPL20 MRPL58 RCC1L YTHDC1 MRPS30 MRPL1 MRPL13 MRPL57 PAIP2 MRPL48 MRPL14 MRPL2 MRPL45 MRPL42 MRPL54 0.39687500000000003
CASK APBA1 MPP6 LIN7C MPDZ ABLIM2 MPP2 0.39687500000000003
CLSPN GINS3 TIPIN TIMELESS GINS4 0.39687500000000003
CD2BP2 PRPF40A SNRNP200 PPM1G RBM22 PRPF8 SNRPB2 CDC5L SF3A3 SF3B1 0.39375000000000004
RTL8A PEG10 RTL8C NPL LDOC1 RTL8B 0.39375000000000004
ABCB1 LAMA1 PTPRZ1 ST6GAL2 SDK2 LGALS3 0.39375000000000004
NSA2 RPS5 IMP3 RPS15 LARP1 RPL3 ABT1 GAR1 DDX10 LARP1B MPHOSPH10 DDX56 NIFK 0.39375000000000004
SEPTIN4 SEPTIN12 SEPTIN9 PCMTD2 SEPTIN2 SEPTIN11 SEPTIN14 SEPTIN3 SEPTIN1 SEPTIN6 0.39375000000000004
MFAP3 GLRX3 CCDC28B OSGEP HYKK TPRKB GON7 0.39375000000000004
HLA-E HLA-C ECEL1 HLA-H HLA-F 0.39375000000000004
MCM2 TOP2A PDS5A CDCA5 SMC1A RAD21 TRIM38 STAG2 WAPL STAG1 0.39375000000000004
CYC1 CYTB COX7A2L UQCRC1 UQCRB UQCRFS1 0.39375000000000004
ATP5F1B ATP5F1C ATP5PB ATP2A2 PHB COX2 ATP5PD 0.39375000000000004
SLC22A23 CLCN5 LGALS8 SLC17A5 C1orf159 ALCAM 0.39375000000000004
THADA CIP2A BTAF1 TNPO3 XPO4 FANCD2 TNPO1 0.39375000000000004
XAB2 RAN SNRPD1 SNRPD2 CDK12 0.39375000000000004
KANSL1 ATN1 PAXIP1 NCOA6 KAT8 WDR5 ASH2L 0.39375000000000004
RPL10A RPS5 RPS15 RPL27 RPS20 FBL RPLP0 RPL3 BTF3L4 EEF1A1 IFRD2 RPS23 RPL28 RRS1 0.39375000000000004
INO80 WBP2NL ACTR5 INO80E MCRS1 YY1 ACTR8 UCHL5 NFRKB 0.39375000000000004
PSG9 CELSR3 SHCBP1 PARN SECISBP2L PSG1 0.39375000000000004
LARP1 LLPH EIF6 RPL17 DDX10 SRP72 PABPC4 IGF2BP3 POP1 ZNF22 DDX27 RSBN1L DDX54 RPSA GPATCH4 HERC5 DDX55 0.39375000000000004
RAB11FIP1 RAB11FIP2 RAB11B RAB11FIP5 RAB25 SH3BP5L DTNB 0.39375000000000004
MBIP FAM92A SUPT20H TADA3 ZZZ3 KAT14 0.39375000000000004
SURF6 RPS5 SSB RPL9 DHX29 RPL30 RPL18 RPS18 IGF2BP1 NSUN2 HSP90AA1 0.39375000000000004
SEPTIN12 PCMTD2 SEPTIN5 SEPTIN10 CDC42EP4 SEPTIN3 SEPTIN7 0.39375000000000004
HBB C3 ORM1 GDPD1 CP APOA2 0.39375000000000004
TNPO2 FIG4 TTI1 TNPO3 VAC14 INTS3 0.39375000000000004
DCAF16 DDB1 DCAF10 TOR1AIP2 DCAF6 BRWD1 0.39375000000000004
PRORP NOTCH2 PPP6R1 ANKRD52 ANKRD44 PPP6C 0.39375000000000004
ANKHD1 MAGEA1 HSPBAP1 MAGEB4 MAGEB6 SPAG1 ANKHD1-EIF4EBP3 FBXL18 0.39375000000000004
STX3 SNAP29 SEC22B STXBP5 STX5 TRPM7 GOSR2 0.39375000000000004
RPS5 ATP5PO FBL MRTO4 SLC25A5 UTP23 YBX1 RPS3A RPL30 MTHFD1 BTF3 ATP5F1A TUFM SLC25A4 0.39375000000000004
LUC7L MKRN1 SNRNP70 SRSF9 SRSF1 DDX46 CWC22 0.39375000000000004
RBBP7 SHPRH BCL11A MBD2 NPAT ZNF521 GATAD2A ZNF423 CDK2AP1 GATAD2B HDAC2 0.39375000000000004
SLC27A3 PDZD8 EPHX1 VRK2 DGKE 339457 ATP2A3 TEX264 DHRS7 CYP51A1 PREB THEM6 ESYT1 TYW1 FAM189B RETSAT PDE3B UPK3BL1 84514 0.39375000000000004
PPP1CA TPRN ACTB SORBS2 AFAP1 LIMA1 CFL2 0.39375000000000004
POLR2M POLR2G GCOM1 POLR2K POLR2D RPRD1A RPRD2 POLR2J 0.39375000000000004
TWF1 MYO5B TPM2 MYLK CORO2A CORO1C PLEKHG3 SSH2 0.39375000000000004
VAMP8 STX7 SKA1 STX3 STX12 PTTG1IP STXBP5 NAPG STX6 VAMP4 VTI1A 0.39375000000000004
HIKESHI KLF13 TSR3 FAM172A ZADH2 TEDC2 LCMT2 TBC1D10A FGL1 0.39375000000000004
DUSP16 MEF2D RHBDF1 MAPK14 OBSL1 KIF22 0.39375000000000004
ERCC1 SLX4 XPA ERCC4 SLX4IP 0.39375000000000004
WASHC4 VPS33B WASHC5 FKBP15 ANKRD27 VPS26A 0.39375000000000004
PIK3R1 PIK3CD PLEKHH3 PKN3 NYAP2 PIK3CB 0.39375000000000004
MYO5C SORBS2 ARHGAP21 ZDHHC5 TMOD1 CORO2A NEXN PLEC 0.39375000000000004
EXOSC4 EXOSC5 EXOSC1 EXOSC10 FAM98B EXOSC6 EXOSC8 DIS3L EXOSC2 C1D EXOSC7 EXOSC3 MPHOSPH6 EXOSC9 FARSB DIS3 0.39375000000000004
NET1 SIPA1L3 PIKFYVE WDR83 SH2B2 0.39375000000000004
PARVG ILK PARVA PARVB LIMS1 0.39375000000000004
TXNDC9 PDCL3 CCT4 HGH1 PDCL CCT2 SEC31B CCT8 MLST8 0.39375000000000004
NEUROD1 TCF3 TCF4 TCF12 ID1 0.39375000000000004
ARSB MEGF8 COL18A1 SGSH MOXD1 CHPF SIAE 0.39375000000000004
RABAC1 ATP2C1 NDUFA2 NDUFB4 NDUFA7 GOLT1B 0.39375000000000004
SPTBN1 ACTN1 TWF1 SIPA1 MPRIP ACTG1 CFL1 FRS2 CORO1C CALM1 NEXN 0.39375000000000004
EIF2B3 EIF2B1 EIF2B4 ZSWIM6 EIF2B2 EIF2B5 0.39375000000000004
MRPS15 MRPS28 MRPS25 ERAL1 PTCD3 COL1A1 MRPS24 0.39375000000000004
CCDC93 COMMD3 CCDC22 VPS29 COMMD8 COMMD2 COMMD4 VPS35 COMMD6 0.39375000000000004
DDX39B THOC3 DHX38 NCBP3 THOC6 THOC5 0.39375000000000004
MAGEA4 ERI1 MAGEA9B NRIP1 FAM216A MAGEA10 FOXJ2 0.39375000000000004
RPL11 RPS25 RPL30 RPL23 BTF3L4 RPL21 RPL10L 0.39375000000000004
CENPP CENPM CENPI CENPH CENPL ITGB3BP CENPQ CENPK CENPO 0.39375000000000004
DARS YTHDF2 LARS AIMP1 QARS RARS IARS NARS ATXN2 EEF1E1 KARS MARS 0.39375000000000004
RAPH1 ABI1 CYFIP2 KIAA1522 ABI2 NCK2 NCKAP1 NHS BRK1 WASF2 CYFIP1 0.39375000000000004
C8orf33 DDX27 KRR1 CTCF GPATCH4 DDX31 DHX30 SF3B2 PQBP1 C7orf50 LTV1 CDK12 HP1BP3 0.39375000000000004
RUVBL2 BRD8 DMAP1 SRCAP ACTR6 ING3 0.39375000000000004
PEX19 EXOG FAM174A CDA MUL1 MYO1D 0.39375000000000004
PRKAR1B GPR161 AKAP11 CEP68 PRKACA PRKAR1A CDK5RAP2 0.39375000000000004
STX12 GOSR1 STX6 STX5 BET1 STX10 OPTN 0.39375000000000004
C6orf226 PEX13 PEX7 ACAA1 0.39375000000000004
ZC3H14 CASC3 CLK3 MAGOH RBM8A 0.39375000000000004
SNRPD1 PHF6 SNRPA1 SF3B6 SF3B1 SRRT PRPF31 0.39375000000000004
GARS GALE CAP2 DPP9 ASNS CAP1 0.39375000000000004
CASP8 RNF149 IFNGR1 FAS TNFRSF10B UGCG 0.39375000000000004
SH3GL3 SH3GL1 SH3GL2 FRG1 0.39375000000000004
SULT4A1 DPH2 DPH1 TXNRD2 0.39375000000000004
RPS5 PUM3 FBL PPAN-P2RY11 RPL18A RPL37A RPL11 RPL37 NOL6 RPS18 RRS1 0.39375000000000004
MRPL12 MRPS6 MRPL40 MRPL20 MRPL41 NGRN IGF2BP2 MRPL43 MRPL15 MRPL46 MRPL9 MRPL16 0.39375000000000004
YTHDC2 SRP72 FOCAD RRP1B ZC3H8 SCN2B GLYR1 NOP2 NOP56 RRP12 0.39375000000000004
TSC22D4 NRBP1 TSC22D2 NRBP2 TSC22D1 WNK3 TTL WNK2 DDAH2 0.39375000000000004
MYH3 ANKRD36 TRIM9 TXLNG KRT40 TBC1D2 MYH4 0.39375000000000004
FASTKD5 C3orf33 HSPA12B BSG DDC TARBP1 TBCD 0.39375000000000004
PCGF6 TFDP1 MGA E2F6 MSANTD2 L3MBTL2 0.39375000000000004
MAGEA4 CRTC3 PHF8 NCOA2 MAGEA10 POU2F1 0.39375000000000004
HMMR DYNLL1 ZMYM4 GLCCI1 DYNLL2 0.39375000000000004
DCBLD2 ARSK CACNA2D2 PLXNA3 FAM234B MBTPS1 MOXD1 0.39375000000000004
PUM3 RSBN1L PPAN-P2RY11 NAP1L1 GNL3 GPATCH4 DHX57 DHX30 DKC1 XRN2 TUFM PES1 RRS1 0.39375000000000004
IER5 ZNF746 CDCA4 FAM122B SIK2 PPP2R2C PPP2R2B 0.39375000000000004
TRIM41 NRXN3 TMED8 GPR183 SDC4 ARHGAP29 0.39375000000000004
ANAPC4 MAGIX GNPTG ANAPC15 NEK2 ANAPC2 ANAPC10 ANAPC13 0.39375000000000004
TMEM214 UBE2I AAAS SUMO2 NUP85 NUP155 GLE1 0.39375000000000004
PRPF3 USP39 WBP11 SART1 RBM25 SF3B5 CCDC97 0.39375000000000004
NDUFS1 CAVIN3 NDUFB4 TMEM43 NDUFA12 ATAD1 0.39375000000000004
NUFIP1 CALB2 NCALD CAMKV SLC12A5 DGUOK EDIL3 0.39375000000000004
ATP6V0D2 AIDA CSNK1G1 TBC1D24 TMEM185B TMEM185A C1orf21 0.39375000000000004
MYO1B SPTBN1 CORO1B WDR1 AFAP1 TPM2 ZBTB20 TES SSH2 PPP1R9B CALML3 0.39375000000000004
C8orf33 EBNA1BP2 CCDC124 SRPK2 RPS3 RBM34 RPS19 0.39375000000000004
GPN3 POLR2J2 CTDP1 GPN1 POLR2I POLR2G 0.39375000000000004
CEP170B SYNE2 RUFY2 BEGAIN CEP170 CEP170P1 0.39375000000000004
NUFIP1 DPYSL4 CAMKV GPM6A SYN1 CAMK2A CNTN1 ZNHIT3 SYT1 ATP4A 0.39375000000000004
CALHM4 LYG2 DUSP14 LRRC15 DSG4 PYHIN1 S100A3 PKP1 HEPHL1 PADI3 PLCD1 0.39375000000000004
HECW2 WWP2 WWP1 ANKRD13A NEDD4L ITCH WWOX NEDD4 ANKRD13D 0.39375000000000004
MRPL39 MALSU1 MRPL4 MRPL35 MRPL23 YTHDC1 RCC1L MRPL1 MRPL13 HNRNPUL2 TRUB2 MRPS18A MRPL47 MRPL42 MRPL54 0.39375000000000004
ZNF629 MYBBP1A RPL36A FARS2 ZC3H8 ZNF770 RFC2 NOP53 BOP1 DHX33 NOC2L DDX50 C12orf43 ZKSCAN8 GAR1 MPHOSPH10 STAU1 0.39375000000000004
SEC13 SEC24B FAM83H USO1 SEC24D SEC23B SEC24C 0.39375000000000004
PUM3 RPS13 H2AFX PPAN-P2RY11 RPS9 RPLP2 RPL14 RPL3 RPL26 RRS1 0.39375000000000004
BUD31 CRNKL1 CACTIN DHX8 RAB43 DHX35 AQR SLU7 ZNF830 0.39375000000000004
ISL2 LHX1 ISL1 LDB1 SSBP3 SSBP4 LMX1B SSBP2 LMO4 SMAD4 THAP12 LHX4 0.39375000000000004
PSMD4 PSMC1 PSMA1 CCDC92 PSMD9 USP14 PSMD5 PSMC3 PSMB8 PSMD6 0.39375000000000004
NDUFS3 NDUFB4 NDUFS7 NDUFA7 NDUFB6 NDUFA8 NDUFV3 0.39375000000000004
XRCC5 HIST2H2AB H2AFY XPC PARP2 HIST1H2BJ 0.39375000000000004
FBXW8 EPB41L4B CASQ2 ASB1 ZFP91 PRDM10 ATRX TSNARE1 DAXX 0.39375000000000004
CTBP1 ZEB2 CTBP2 ZNF217 GALK1 TRPS1 PRDM2 ZNF516 C10orf12 0.39375000000000004
OFD1 FOPNL CCDC138 PCM1 BBS4 MIB1 FGFR1OP C2CD3 CCDC14 CEP19 TTLL5 0.39375000000000004
MIER3 TRIM41 HIST1H2BA GON4L ARID5B 0.39375000000000004
RHBDF2 FLT4 TMEM205 TMEM52B 0.39375000000000004
SPTBN1 MYO5C TMOD1 PPP1R12A MYO19 COBL ANXA2 0.39375000000000004
PSMB7 PSME4 PSMA4 PSMG4 PSMA6 PSMB5 PSMB3 PSME2 B4GALT4 0.39375000000000004
CXADR GLIPR2 FYN GNAZ RAP2B PRKCA LYN PAG1 0.39375000000000004
TMED5 TMED10 TMED3 GOLGA2 TMED2 TICAM2 TMED1 TMED4 TMED9 0.39375000000000004
MRFAP1L1 SIN3B EMSY MORF4L2 PALB2 EP400P1 KDM5A PHF12 GATAD1 MORF4L1 0.39375000000000004
NDUFB1 NDUFS3 NDUFA5 NDUFB10 NDUFS4 NDUFB8 NDUFB9 NDUFA1 NDUFB11 NDUFA2 NDUFA8 NDUFV3 NDUFS5 NDUFS8 NDUFB4 NDUFV1 NDUFS7 ATP2C1 NDUFA6 NDUFAF4 0.39375000000000004
IMMP1L MRM2 SNX25 TSPAN5 NAT8L PIEZO1 ZDHHC21 TMEM248 KLHL2 SLC38A2 0.39375000000000004
CEACAM21 PODXL2 CDON RYK NRSN2 PCDHGA11 ABCB10 0.39375000000000004
XRCC2 NDUFAF5 RAD51D RAD51B 0.39375000000000004
SMARCA4 SMARCB1 ACTL6A SMARCC2 SMARCD3 TBL1XR1 PHF10 TBL1X BRD9 SMARCC1 0.39375000000000004
SUPT20H TAF12 TAF4B SUPT3H TAF9 TADA2B 0.39375000000000004
PRCP COL18A1 SGSH GUSB NAGLU TXNDC16 SIAE POGLUT1 CACNA2D2 B3GLCT GALNT13 FUT11 PCSK6 GALNT18 MAN2B1 SLIT2 0.39375000000000004
HIP1R DENND1A CLTCL1 GAK PFKFB3 STAMBP CLINT1 0.39375000000000004
KIFC1 NUP50 UBE2I SENP1 SUMO2 NUP153 RANGAP1 NEMP1 0.39375000000000004
TAF5L SUPT7L TAF6L TADA2B TAF10 AK6 0.39375000000000004
NDUFAF1 ECSIT NDUFB9 NDUFS2 NDUFA3 NDUFB10 0.39375000000000004
RPS3 C8orf33 PUM3 RPL15 NOC2L GTPBP4 0.39375000000000004
SNAP23 STX7 NAPA SKA1 SNAP29 STX12 VTI1B STX16 BET1 STX10 GOSR2 0.39375000000000004
PTK7 BTN2A2 TMX4 CNNM2 BTN2A1 CNNM4 0.39375000000000004
NFE2L1 NFE2L2 BACH2 BACH1 RTL6 NFE2L3 MAFF 0.39375000000000004
PPP3CA RCAN3 RCAN1 NFATC1 RCAN2 PPP3CC 0.39375000000000004
NBN FAM219A FBXO10 MRE11 SHPK RAD50 0.39375000000000004
TOP2B SS18L1 ARID1B DPF2 BICRA SMARCC1 SS18 0.39375000000000004
CCDC57 ODF2L BORCS6 CCDC122 BORCS7 TEX35 SCLT1 0.39375000000000004
PXN FBXL20 PGBD5 PPP1R16A RABGGTB PIP5K1A 0.39375000000000004
INHBA RCHY1 GINM1 PLEKHA5 CALCB ITGB8 0.39375000000000004
LIG3 MSH3 PNKP XRCC1 POLB HLTF APLF 0.39375000000000004
TIMM50 AUP1 PDE3A MAP7D1 TUBB4A TUBB6 TUBA1C 0.39375000000000004
AAK1 AP2S1 PJA2 REXO1 AP2A2 AP2M1 MAGED4B 0.39375000000000004
CSPG4 PTPRJ ATP13A3 SLC9A6 PODXL SPPL2A LGALS8 0.39375000000000004
NKRF RPS5 NOC2L DHX30 AATF RPL17 TUFM GTPBP4 POP1 0.39375000000000004
RAPH1 TTC28 WASF3 WASL NCK2 SHB WIPF2 0.39375000000000004
MAPK15 CKS1B CDKN1C CCNE1 CCND3 RBL1 CDK2 0.39375000000000004
UGGT2 CHID1 FUT11 BMP7 COL18A1 CERCAM MOXD1 TXNDC16 POGLUT2 0.39375000000000004
FBL RPLP1 TPT1 RPL23 BTF3 RPL24 TUFM 0.39375000000000004
KAT7 CCDC88A ING4 AARSD1 JADE2 ING5 BRD1 0.39375000000000004
PAM POGLUT1 ARSK UGGT2 GALNS CHPF2 BMP7 SGSH GUSB EDEM3 CHPF NAGLU 0.39375000000000004
NEK3 KLK11 CCNK CDK13 TTC9C SPSB3 FBXO44 0.39375000000000004
NUP214 NUP155 NUP210 NUP35 NXF1 NUP85 0.39375000000000004
PARD6A LLGL2 PARD6B WWC1 PTPN14 PARD3 0.39375000000000004
MIS12 NUF2 SPC24 SPC25 NDUFAF6 NDC80 PMF1 NSL1 0.39375000000000004
ZNF197 ZSCAN29 SCAND1 ZSCAN18 ZSCAN20 PGBD1 ZSCAN21 ZNF232 ZNF449 0.39375000000000004
KPNA4 ZBTB7B CDK2AP1 MTA3 BCL11A KPNA3 0.39375000000000004
TRRAP DMAP1 FOXR2 MORF4L2 SRCAP ACTR6 MYC MEAF6 DPCD BRD8 TTI2 EP400 YEATS4 ZNHIT1 ING3 MBTD1 0.39375000000000004
ZMYND19 WDR26 WARS2 MKLN1 RANBP9 GID8 RMND5A RANBP10 0.39375000000000004
EMC6 EMC2 EMC10 EMC1 EMC4 EMC8 MMGT1 EMC7 EMC9 EMC3 0.39375000000000004
CST1 AMY1C CST2 CST4 MUC7 ZG16B 0.39375000000000004
RPP14 IBTK POP7 C18orf21 POP4 RPP25 RPP30 RPP40 RPP38 NEPRO 0.39375000000000004
PPP1CA NCOA5 RIF1 PPP1CC ZFYVE9 YLPM1 PPP1R8 0.39375000000000004
ARID2 SMARCD1 RPL10 BCL7C BCL7A SMARCB1 PHF10 SMARCD2 DPF3 ACTL6A BRD7 TOP2B SMARCD3 DPF1 BRD9 PBRM1 ACTL6B 0.39375000000000004
REEP1 PHTF2 USP24 SLC41A1 LYPD3 0.39375000000000004
CSRNP1 C2orf74 PPP1R3D PPP1R8 AGL PPP1R3B 0.39375000000000004
MRPS22 MRPS26 DAP3 GAR1 MRPS5 MRPS14 NOP53 MRPS31 0.39375000000000004
ORC5 ORC1 ORC6 FAM210A ORC2 LRWD1 0.39375000000000004
STK4 RASSF2 RASSF1 STK3 0.39375000000000004
GPSM2 ZUP1 USP11 TCEAL4 TCEAL1 KDM3A POGK 0.39375000000000004
NUP43 NUP98 SUMO1 NUP107 NUP85 NUP88 NUP160 NUP37 NUP93 NDC1 0.39375000000000004
AKTIP HOOK1 FAM160A2 NAB1 FAM160A1 HOOK3 HOOK2 0.39375000000000004
USP8 GAB1 AKAP10 GRAP2 GAREM1 PTPN23 0.39375000000000004
DFFA DFFB TSPYL4 0.3875
MAPKAPK3 MAPK11 PRKY 0.3875
NLRP3 LTBP4 NLRP5 0.3875
EDEM2 FBLN7 444 TXNDC11 0.3875
ALKBH2 ARID3A LCN15 0.3875
RAB6A RAB13 RAB1B RAB34 RAB1A RAB8B GDI1 RAB12 RAB4A RAB35 0.3875
NCDN ECD ZNHIT2 TSSC4 EAPP SLC7A6OS AAR2 0.3875
HNRNPA1 RBM3 ABCF1 SLTM PURB 0.3875
PXDC1 RABGAP1L RABGAP1 0.3875
ATP11C SLC4A7 SLC12A2 SLC12A7 SLC12A6 SLC12A4 SLC12A9 0.3875
FKBP6 OSBP CDC37L1 PDE4A EEF2K USP19 AGAP3 0.3875
MTMR2 MTMR12 MTMR10 SBF2 0.3875
PPP1CA CSRNP1 TPRN SIPA1L3 ZFYVE16 PPP1R8 CSRNP2 0.3875
SPIN1 TMA7 CGGBP1 SPINDOC SPIN2B 0.3875
VCAN ULK3 BCAN 0.3875
ZC3HC1 GRN RAPGEF6 OTUD5 0.3875
MET PCBP1 FRK 0.3875
MTERF3 MRPL35 CINP MRPL40 YTHDC1 NGRN MRPL4 0.3875
FRMPD2 ERLEC1 OS9 SEL1L 0.3875
FOXP4 NUS1 DHDDS 0.3875
RIOX1 SAMD1 GAR1 NOP56 NOP53 0.3875
DKK1 TK2 RBM45 0.3875
GABRB3 MCOLN2 DAGLA MCOLN3 MCOLN1 0.3875
KATNBL1 KATNB1 KATNA1 0.3875
FBXO28 GIT1 CDC42BPA SHTN1 PAK2 LURAP1L 0.3875
AP3B1 AP3M1 AP3M2 EDA AP3D1 0.3875
VRK3 TXNDC5 YY1AP1 ADNP ZNF524 0.3875
LUM LGALS9B LGALS9 PBK LGALS9C DAG1 0.3875
BOLA3 FAHD2A FAHD2B 0.3875
KANK2 FAM83B BTBD3 SEC13 PKP2 SEC23B SEC16A 0.3875
IGLL1 IGLC7 IGLL5 0.3875
CABS1 TRAPPC9 BCL2L14 MAP11 TRAPPC10 TRAPPC6B 0.3875
VPS53 VPS52 VPS54 EIPR1 VPS51 VPS50 0.3875
80381 CLEC5A TMBIM6 0.3875
ARSK MAN2A1 PLTP TMEM132A MAN2A2 0.3875
WDR13 NLGN1 RELCH B3GAT3 NLGN2 0.3875
CNOT6L CNOT11 CNOT8 TOB2 BTG3 CNOT10 CNOT6 CNOT2 CNOT7 CNOT9 CNOT3 TOB1 CNOT1 FHL2 TNKS1BP1 0.3875
GAPDH TPI1 SRI PGK1 TKT MPI 0.3875
SDCCAG8 SCARA3 COLEC12 0.3875
RD3 LRBA NBEA 0.3875
STK40 TRIB1 DET1 ETV5 0.3875
LUC7L PRPF4B MATR3 RNPS1 SNRNP70 SRSF9 TRA2B LUC7L3 CDK11A ZC3H18 ZRANB2 0.3875
AP1S2 SYNRG AP1M2 AP1G2 AP1AR AP1S3 0.3875
REPIN1 ZNF408 PWWP2A FAM111B SET RBM28 ZNF770 MEN1 IKZF5 C14orf93 0.3875
TIMM9 TIMM8A TIMM10 0.3875
80196 SHC1 RFFL 0.3875
VPS37C VPS28 VTA1 TSG101 UBAP1 MVB12A VPS37A CHMP5 VPS37B 0.3875
MIS18BP1 MIS18A OIP5 0.3875
HMG20A RCOR1 KDM1A TCF20 PHF21A HMG20B 0.3875
PSMB7 UBFD1 PSMA2 RAC3 POMP PSMG2 PSMB3 PSMB5 PSMB4 0.3875
LRRC39 NINL MIPOL1 0.3875
CPSF2 CPSF3 SYMPK FIP1L1 CPSF1 CPSF4 WDR33 0.3875
GAS2L1 PLCG1 MAPRE3 DPYSL5 GPM6A 0.3875
CCDC18 TBC1D31 BBS4 HDDC3 KIAA1328 WRAP73 MIB1 C2CD3 SSX2IP ASNSP6 PIBF1 0.3875
BORCS5 SYBU DTNBP1 BLOC1S4 BLOC1S5 BLOC1S3 0.3875
DEPDC5 ZNF414 KDM4B NPRL2 0.3875
EXOC6 BTAF1 TNPO2 EXOC7 EXOC3 EXOC5 0.3875
RTN4 SYVN1 SH3PXD2A RABAC1 FAM8A1 FAM241A METTL7B ARL6IP1 RTN2 TFAM ATP1B2 0.3875
CCSER2 NDEL1 NDE1 0.3875
ARHGAP26 C2CD2 ARHGAP10 0.3875
CIR1 FANCI HEATR1 NF1 MON2 PI4KA CAND2 0.3875
MRPS17 MRPS2 MRPS11 RSBN1L MRPS22 DDX55 MRPS5 MRPS27 0.3875
SPATS2L LTBR TFB1M TRAF3 SKI HIST2H3C ZNF724 CCDC121 PRC1 ODF2 CEP95 TAOK2 HDAC5 CCDC113 0.3875
GADD45GIP1 MRPL50 MRPL2 TBC1D8 MRPL51 0.3875
C8orf33 DRG1 RSBN1L AATF KRR1 ZC3H15 0.3875
ZNF430 TGS1 RPL19 FBL RPSA 0.3875
BMPR1B ETNK1 EVA1C PIGA 0.3875
NDUFS5 NDUFS2 NDUFB1 NDUFS3 NDUFA12 ND5 NDUFS4 NDUFB8 NDUFA8 TMEM43 KTN1 0.3875
NPM1 RPL10A SCAF1 MTPAP RPL3 HIST1H2BD 0.3875
WTIP ZFAND2B AJUBA TRIP6 0.3875
GTF2H1 MNAT1 GTF2H5 CCNH GTF2H3 ERCC3 GTF2H4 GTF2H2 0.3875
BAHCC1 ARID4A SIN3A BRMS1 CCDC71 CDK2AP1 FOXK1 SAP30 SUDS3 GATAD2B ING1 SAP130 0.3875
MREG CHCHD4 TOR1AIP1 0.3875
CT55 UHRF1BP1L C12orf45 0.3875
ACOT11 TEKT2 PTER 0.3875
PAK6 PAK4 PAK5 ARHGEF11 0.3875
C16orf70 BNIP3L WIPI2 BCAS3 BNIP3 0.3875
DNASE1L2 TLE4 TBX20 TLE1 0.3875
SESN2 WDR59 WDR24 MIOS 0.3875
CHCHD3 MTX3 MTX2 PDXDC1 SAMM50 IMMT POMT1 CCDC127 CD244 CARD19 0.3875
GK2 SLAMF1 ZNF292 0.3875
CPS1 GFM1 DARS2 PDPR MTIF2 0.3875
EPX ICE2 TMEM237 BPIFA1 CTSG BPIFB1 0.3875
THADA BTAF1 TNPO2 C19orf25 TTI1 XPO7 GCN1 ATR 0.3875
ITLN2 ITLN1 NACC1 0.3875
TEAD3 PDLIM7 IRF2BP2 IRF2BPL VGLL4 0.3875
USP22 ATXN7 ATXN7L3 ATXN7L1 ATXN7L2 USP27X 0.3875
KIR3DL1 KIR2DS2 KIR3DS1 KIR2DS5 KIR3DP1 LOC100287457 BPIFA2 0.3875
HAUS6 HAUS3 HAUS4 HAUS7 HAUS2 HAUS5 HAUS8 HAUS1 0.3875
IMPAD1 DNAJC16 TMEM30A PGAP1 DIPK1B LRFN3 NETO2 0.3875
HGFAC SEC22A FRMD5 SPINT2 SCARF2 CNTNAP1 0.3875
NECTIN4 PDSS1 TNFSF13B C6orf62 FAM118A 0.3875
ATG4B A4GNT FANK1 0.3875
HECTD2 KIF1A PARP11 RNF166 0.3875
ARPC1B TBCE ARPC5 ARPC1A ARPC2 ACTR3 ACTR2 ARPC5L 0.3875
BLVRA RTN4IP1 51449 0.3875
PSMD2 PSMD14 APOB UBE3A PSMD9 USP14 MVB12B 0.3875
GLRB LEPR OSBP2 BTNL8 0.3875
PPP1CA PPP1CC PPP1R18 KIF18A ERBIN KIF1BP 0.3875
RPF1 RBM28 RPL30 IGF2BP1 RRS1 RPF2 0.3875
TMEM63A SDK1 LGALS8 PTPRZ1 LGALS3 SLC17A5 HEG1 0.3875
PBX2 MEIS1 MAB21L1 PBX3 MEIS2 MEIS3 PBX1 PIGL 0.3875
SUSD3 S100A7A CD207 0.3875
BTN3A1 BTN3A3 BTN3A2 0.3875
MLXIP PNKD GOLPH3L DCUN1D5 ATRIP RADIL LSS SETX PPFIBP1 PRMT9 PPARGC1B 0.3875
PRKAA2 SPATA20 DCLRE1C PRKAB2 PRKAB1 PRKAG1 PRKAG2 0.3875
WASHC4 TBC1D5 WASHC5 VPS26A SNX5 WASHC2C SNX1 WASHC2A VPS35 C11orf42 0.3875
INPP5K ACE2 AAMP AEN 0.3875
NUFIP1 CLPB HAX1 SYT1 GPM6A 0.3875
GGCX GPAT3 CHP1 FADS2 GPAT4 0.3875
NRBF2 ATG14 SOGA3 0.3875
TEX15 462 MBL2 UAP1 0.3875
PPM1K BCKDHA BCKDHB 0.3875
MYC SRCAP FOXR2 JAZF1 ING3 SIM2 0.3875
RAB3GAP1 MTDH GPAM RAB3GAP2 SIRT2 0.3875
PIGU PIGS GPAA1 PIGT PIGK 0.3875
PPP1CA PPP1R37 TPRN KIF18A MYO1E PPP1R13L SH2D4A PPP1R8 PLCL2 PPP1R2 0.3875
PDSS2 FMC1 OXLD1 MOCS1 TRMT2B MTG2 0.3875
ZNF609 YAF2 PCGF1 PCGF5 ACTL8 USP7 0.3875
TERF2 TERF2IP TERF1 POT1 PINX1 WDR43 DCLRE1B ACD 0.3875
CAB39L STK11 STRADA 0.3875
SZT2 TMCO4 KPTN ITFG2 C12orf66 0.3875
LIN52 LIN37 LIN54 MYBL2 MYBL1 LIN9 0.3875
PDE7A THBS1 THBS3 IQSEC2 FANCB FAAP100 C5orf34 0.3875
FKBP9 ADAMTS12 SNRK 0.3875
ZNRD2 TNKS TNKS2 0.3875
PRPF3 TFIP11 USP39 SNRPA1 SF3B3 PAXBP1 0.3875
GTF2IRD1 GTF2IRD2B GTF2IRD2 RET SIRT5 0.3875
NID2 B4GALNT4 PILRB PILRA LRRTM4 ANTXR1 0.3875
MBNL2 MBNL1 MBNL3 0.3875
ALG10 1718 RER1 TMEM161A 0.3875
PCSK1N ADCYAP1 SAV1 0.3875
SLC9A1 LPAR1 MFSD5 EXTL2 10052 0.3875
MORN2 C8orf74 FGFR2 0.3875
IFT172 IFT57 IFT20 IFT22 TTC30B HIP1 0.3875
SSX2B SSX3 SSX6P SSX2 0.3875
DNAJC18 DNAJC30 CHRNA9 ZIC2 CHEK1 0.3875
PSMD12 PSMD2 PSMD3 INO80E PSMD10 INO80C PSMC6 UCHL5 0.3875
MAN1A1 GOLGA7 ZDHHC8 CLDND1 MAN1A2 0.3875
RAB22A TRIM4 RAB31 0.3875
WDR7 DMXL1 DMXL2 ROGDI 0.3875
POLE3 POLE CHRAC1 POLE4 KDM3B POLA1 0.3875
SLC38A7 CA14 EVA1B 0.3875
HLA-DQB1 CNNM1 CNNM3 0.3875
ZNF500 ZSCAN18 ZNF397 ZNF446 ZNF26 ZKSCAN4 ZSCAN30 0.3875
NCK2 PIK3AP1 CASKIN2 TNK2 FAM83H WIPF2 ARAP1 0.3875
RBBP7 CHD4 CCDC71 ZNF423 CDK2AP1 SF3B1 MTA3 MBD3 RANBP2 0.3875
FOXF2 SDF4 IQSEC1 RICTOR 0.3875
HADHA NOP10 NMNAT1 SUPT16H GAR1 RPL12 REXO4 0.3875
TTF2 PSMA7 HDAC7 AKIRIN2 PSMA5 PSMB3 PSMB5 0.3875
TMEM102 PPFIA3 RAB3IP RAB3IL1 0.3875
SLC1A3 THAP9 PDPK1 KCTD17 POLK KCTD5 KCTD2 TMEM45A 0.3875
FHL5 ZMYM1 CEP76 0.3875
KHSRP PCBP2 RAD54L2 0.3875
THADA USE1 ZWILCH TTI1 INTS3 BNIP1 ZW10 0.3875
SPATA6L ZBTB1 KIF4A 0.3875
USP45 NCBP2 LENG1 0.3875
DDX46 LUC7L3 SRSF3 SRSF8 CWC22 ARGLU1 SRSF6 0.3875
GLIPR2 YES1 CCNY CTNND1 EPHA2 MEAK7 RAB2A GNA11 ERICH5 EPB41L3 SMPDL3B RRAS2 GNAQ 0.3875
UBE2L3 MDH2 AKR1A1 UPP1 GSR ACO2 0.3875
IGSF3 NAALAD2 NAALADL2 0.3875
VDAC3 RNF5 3697 TOMM40 0.3875
SMG8 SMG1 SMG9 0.3875
ASNSD1 RFPL1 RFPL2 DAB2IP RFPL3 0.3875
MTOR TNPO2 COG2 COG5 COG6 COG4 COG7 ATR COG8 0.3875
TMEM94 C2CD5 CABLES1 CABLES2 FIBP 0.3875
LYPLA2 TBC1D8B WBP2 YKT6 CKMT1A 0.3875
HOMER1 HOMER3 LMAN2L TRAF5 SPTBN4 0.3875
WDR11 FAM91A1 C17orf75 0.3875
DDRGK1 GCSH UFL1 FLYWCH1 CDK5RAP3 UFM1 0.3875
TMEM171 TPCN1 CMTM4 GPRC5C TMEM186 0.3875
NAA15 RMI1 RMI2 TOP3A NAA10 0.3875
ARPIN OXNAD1 EFHD1 CHAC2 FSD1 0.3875
ATF6 TTC17 TMEM131 0.3875
ERLIN2 TAPT1 RIC3 0.3875
ALOX12B KPRP POF1B NCCRP1 TGM3 SBSN 0.3875
DCBLD1 ATP13A2 UTP14C FUT4 IL27RA HS3ST3B1 NOB1 HLA-DPA1 FGFRL1 0.3875
SPCS3 SEC11A SPCS1 SPCS2 0.3875
CHSY1 KLHL17 DCN 0.3875
CD1B CYB5D2 FCGRT NRSN2 B2M MR1 0.3875
TGFBR2 ACVR2A LGR4 ACVR2B LRP10 BMPR1A 0.3875
TXNDC9 CCT7 FASN DNAJC19 CCT2 0.3875
MITD1 ATP6V0C VMA21 ATP6AP2 TCIRG1 0.3875
CBWD6 CBWD2 CBWD7 CBWD1 0.3875
CRNN CALML5 PPL ANXA1 6707 0.3875
SUGCT SKAP2 CC2D1B PAX3 SKAP1 NPHP4 0.3875
BRCC3 UIMC1 ABRAXAS1 BABAM1 0.3875
TRAF3IP1 IFT57 CRACR2A MCPH1 IFT20 CLUAP1 RABEP2 0.3875
KIAA1586 VPS13B DDIT4 SPACA1 0.3875
CPA6 FBXO15 HINT3 0.3875
UHRF1BP1 CREB3L2 CREB3 PDGFC 0.3875
NCAPG NCAPH NCAPD2 0.3875
HDGFL2 PCNP CCAR1 RBM5 RBM10 SLTM LAMC1 0.3875
CRYBG3 PALM2AKAP2 AKAP7 AKAP1 TSSK1B PDE4DIP PRKAR2B EMD PRKX 0.3875
MFGE8 FAM3A ITGB5 0.3875
MATR3 PRPF4B SRRM2 SELENOH TRA2B PNN SRRT ACIN1 0.3875
CUTC PIN4 TRIR ZNF207 DNAJC8 0.3875
CD70 CD27 GSDME C1GALT1 SCN2B TMEM67 SLC25A51 0.3875
RPS15A PUM3 PPAN-P2RY11 RPL8 RPL23 RPL3L RRS1 0.3875
SPTBN1 LRRFIP2 ACTB CALM1 AFAP1 CFL1 0.3875
PRG2 ZNF460 TRPC4AP 0.3875
DPP6 LSAMP PLXNA4 CLPB DNAAF2 HAX1 ALS2 0.3875
EAF1 PIP4K2B NFKBIL1 PIP4K2A PIP4K2C ZRANB2 0.3875
NECTIN3 MAK NECTIN1 0.3875
ELMSAN1 WDFY2 RUFY1 SLC7A3 UTP6 DNTTIP1 MIEF1 0.3875
PSME2 PSMD2 PSMA2 PSMB6 PSMA8 0.3875
PRPF4B PAF1 CDC73 LEO1 IWS1 DDX46 CTR9 0.3875
SRPRA MIA2 SRPRB 0.3875
APEX1 85452 KLHL36 0.3875
CELSR2 FREM2 CELSR1 0.3875
FABP7 GOT2 CFL2 GLRX AKR1D1 FABP3 0.3875
COLEC10 PTX3 INHBE 0.3875
RYBP PCGF3 RNF2 PCGF2 BCOR 0.3875
ZFAND6 HGS STAM2 SH3BP1 STAM 0.3875
TOPORS ZGPAT SPIN4 YRDC UBR7 SPIN2B 0.3875
PPP3R1 SYP DPYSL5 GPM6A KIF5C KIF5B KIF5A KLC1 0.3875
ZNF627 LAPTM4A CSPG5 MCRIP2 SEC14L1 DLK1 ACVR2B ANKRD13C 0.3875
PDHA2 SDHAF2 SDHB SDHA 0.3875
MLLT6 DOT1L MLLT10 0.3875
C1orf112 SNX17 FIGNL1 WDR47 RHEX 0.3875
KIF21A FAM117B PSMC1 PSMD14 PSMD10 NCOA4 PSMD8 PSMC3 ADRM1 0.3875
HIRIP3 C18orf25 CSNK2A2 PHRF1 SRSF12 NKAPD1 NKAP 0.3875
SYNPO SSH2 ACTRT1 LIMA1 CFL2 CALML3 PLEC 0.3875
FRAT1 AXIN1 GSK3B APC GSK3A 0.3875
CACNB3 CIAPIN1 NDOR1 0.3875
MMS19 CDKAL1 CIAO2B 0.3875
NDUFS6 NDUFB7 ENDOD1 PTGES GOLT1B 0.3875
C5orf30 SPDEF PRDM16 MECOM 0.3875
GEMIN5 DDX20 GEMIN4 KIF14 LSM11 0.3875
MAP4K5 CDRT15 CDRT15L2 0.3875
VASP ENAH EVL 0.3875
GCOM1 POLR2E ZNRD1 CD3EAP POLR1A RRN3 POLR2C POLR1D 0.3875
RANGRF SP3 SGCZ 0.3875
TSPAN3 DIP2B EPHA5 RDH14 EPHB4 SDC3 EFNB1 EPHB3 EFNB2 PI4K2A 0.3875
ITGA6 ITGAV ITGB1 IGF1R ITGA3 PTGFRN INSR 0.3875
PRAMEF4 PRAMEF15 PRAMEF5 0.3875
CHST10 PLXNA1 FUT11 PLXNA3 POGLUT2 0.3875
IL17RA NID1 FAM3C TAZ ARSA POGLUT2 VWDE UGGT2 EDEM3 FUT11 PCSK6 CHPF2 PLTP CERCAM DHFR2 TMEM132A 0.3875
SMG6 C2orf68 GNE 0.3875
TTC30A IFT52 TTC30B ANKRD55 IFT27 0.3875
RNF31 LIPF SHARPIN LRSAM1 0.3875
ASPSCR1 FAM89A FAM104A UBXN2B 0.3875
RRAGD RRAGC SLC38A9 RRAGA 0.3875
OSM IL6ST TRPM3 0.3875
ZDHHC21 MRM2 CELA2B RPUSD2 TSPAN5 0.3875
AP1M1 AP1G1 AP1B1 AP1S1 0.3875
FARP1 BRD4 FAM90A1 BRD2 MTMR14 0.3875
CRYZL1 GATD1 C12orf4 TBCK PPP1R21 0.3875
AP4S1 CBX5 AP4M1 SUV39H2 AP4B1 CBX3 AP4E1 0.3875
TUBGCP4 MZT2A NME7 TUBGCP5 NEDD1 TUBGCP6 TUBG1 TUBGCP3 MZT1 TUBGCP2 MZT2B 0.3875
AREGB AREG ADCY9 0.3875
8560 PANX1 C4orf3 0.3875
XYLT1 ADH1B ADH1C 0.3875
BRAP DCAF11 COPS4 DIDO1 COPS8 KLHDC3 COPS7A CUL2 0.3875
SPA17 EFCAB7 AKAP14 ROPN1L PRKAR2B 0.3875
CDK1 RBL2 CCNE2 CDKN1A CKS1B CDK2 0.3875
USP3 RHOG NT5E SLC6A8 0.3875
UGDH PAICS VWA8 AARS AACS 0.3875
DEF6 ARHGAP42 GRID1 CECR2 ANKS1A 0.3875
CAVIN1 NAP1L3 GOPC FAM9A 0.3875
EYA4 EYA1 SIX1 0.3875
HTR1B CLEC4M CD209 0.3875
HPS5 MAGI3 TCL1B 0.3875
C1QTNF2 UBE2Q1 EGLN2 0.3875
UBE3D MEMO1 HMBOX1 0.3875
HLA-DMB HLA-DRA KLK4 0.3875
WDR60 DYNLT3 WDR34 DYNLRB1 0.3875
PDK2 PDK3 PDK1 0.3875
RIN1 PPA2 NADK2 ACSS1 0.3875
RBPJ ANKRD28 FBXO42 MAML1 NOTCH1 ZNF268 NOTCH2 ANKRD44 0.3875
CDK6 CDKN2D UBE2W 0.3875
METTL6 DENND4A STIM1 WNK1 0.3875
AP2M1 ACTB MYO6 AP2S1 AP2A1 CALCOCO1 0.3875
MCM2 TOP2A SF3B3 CDC5L MCM5 LMNA PRPF19 0.3875
CD200R1 TCP10 TCP10L2 GRIPAP1 0.3875
YES1 CCNY PALM CTNND1 RAP2B LYN RALA GNA13 PAG1 GAP43 0.3875
STX1B RAB3B CNTN1 SYTL4 RAB3A 0.3875
TMEM231 FGFR3 B9D1 B9D2 0.3875
ARNTL2 MANEA OLFM2 OLFM1 0.3875
DYNC1I2 DYNC1H1 DYNLRB2 DYNC1LI1 SUGP1 0.3875
PUF60 BCLAF1 PRPF4B SRRT U2AF2 U2AF1L4 0.3875
GNAS GNB1 TRO GNAL GNA12 GNB2 GNAQ 0.3875
PCF11 CSTF2T PAPOLA CSTF2 CSTF3 PAPOLB CLP1 0.3875
IFNA5 IFIT1 IFIT3 IFNA6 IFNA2 IFNA14 IFNA4 0.3875
ATF7 ATF3 FOS JUNB FOSL2 CREB5 JUN ATF2 BATF3 0.3875
CAMK1 CAMK1D CAMK1G 0.3875
MED20 MED16 MED25 MED30 MED4 MED6 MED8 MED22 MED29 MED17 MED15 MED14 MED19 MED1 CDK8 MED13L MED12L MED23 MED24 CCNC MED7 MED27 MED21 MED13 MED18 MED10 MED12 MED28 MED9 MED11 CDK19 MED26 MED31 0.3875
CCDC25 SF1 ATXN2L HSDL2 PAK3 CPT2 0.3875
CPLANE2 INTU FUZ 0.3875
XRCC6 PAXX KLHL11 KIAA0930 WRN 0.3875
VPS26A NFKB2 ENTR1 NFKBIA RELB ANKRD27 CHUK NFKB1 RELA 0.3875
SLF2 MPHOSPH8 SMC5 NSMCE3 SMC6 ZNF597 NSMCE2 NSMCE1 TASOR2 0.3875
SNRPD1 RBM22 ISY1 SNW1 C1orf52 XAB2 AQR SLU7 CPSF6 CWC15 0.3875
ATP5F1B ATP5PF SLC43A3 ABCD3 ATP2A2 SLC35F6 TMEM33 0.3875
SYT10 SYT6 SYT3 0.3875
TAF3 TAF6 TAF1 0.3875
E2F4 TFDP2 E2F5 E2F1 E2F2 0.3875
PSMB7 AMT PSMG4 PSMF1 POMP PSME1 PSMB5 PSMD8 PSMB9 PSME2 PSMB10 LAMB1 TTF2 PSMA3 PSMA7 PSME4 PSMA4 PSMA1 PSMA5 REX1BD PSMA2 RAC3 PSMA8 PSMB1 PSMG3 PSMG2 PSMA6 PSMG1 PSMB3 B4GALT4 0.3875
FAM217B TFAP4 NEU2 PEX5 0.3875
FAM3C ABHD14A ST3GAL4 DHFR2 HYAL2 0.3875
IGHMBP2 NELFE NELFB NELFCD NELFA 0.3875
RPS5 CDKN2AIP TOE1 PHAX XRN2 NOC2L 0.3875
TSPAN33 PDZD11 PLEKHA7 0.3875
PRMT5 COPRS WDR77 CLNS1A RIOK1 0.3875
TP53 CUL9 MDM4 0.3875
RCC1 UBE2I NUP107 NXF1 DLGAP5 NUP205 SUMO1 0.3875
IGSF8 DNAJC14 ANTXR2 CD9 SARNP 0.3875
FAM114A2 HSPA12A RAB5IF TMEM51 PDCD4 0.3875
GNPDA1 GNPDA2 AMDHD2 0.3875
CD2BP2 LUC7L SRSF7 RBM25 LUC7L3 U2AF2 SRSF6 0.3875
TRIM62 YJU2 SETMAR 0.3875
CRKL PPP1CC KIF18A PPP1R11 LENG8 PPP1R2 CSRNP2 PEAK1 0.3875
RAD1 RAD9A ZBTB14 0.3875
ZNF273 TOR1A TOR2A ZNF747 ZNF707 0.3875
CTNNA2 CDH10 CDH1 CTNNB1 CTNNA1 0.3875
GMPR KCTD14 ADHFE1 RPIA GMPR2 ACSF3 0.3875
C16orf87 MIER1 HIST1H2BA TONSL TRIM41 NRXN3 BAHD1 0.3875
BBS5 LZTFL1 TTC8 BBS7 BBS2 SLC39A7 EEF1A1 BBS9 0.3875
POLD4 POLD2 POLD1 0.3875
RPL10A WDR18 TEX10 LAS1L PELP1 NPM3 NOL9 0.3875
UBA52 RPL24 ATP5F1A EIF3B EEF1B2 UQCRC2 0.3875
RPL10 EEF1B2 ZC3H8 BMS1 DKC1 GAR1 SRP72 0.3875
RING1 AUTS2 PCGF3 PHC3 RNF2 PCGF5 CBX4 CBX8 FBRS PHC1 0.3875
PRPF3 SNRPD1 SART1 SNRPA1 PQBP1 CDK12 RSBN1 0.3875
TXNIP IL12RB1 ISOC2 0.3875
QPRT RAVER2 TRAF3IP2 0.3875
KIF6 FEZ2 SNX16 HEATR5A 0.3875
DEPDC1B DAPK1 IFI30 GTPBP2 UBE3B TTC31 0.3875
S100A9 GM2A TYMP ANXA1 S100A8 TRIM29 IVL 0.3875
NUFIP1 RAB14 NCALD ZNHIT3 GNG3 0.3875
HTRA2 XIAP BIRC8 CASP9 0.3875
FAM189A2 PCNX3 KCNG1 AREL1 0.3875
KLHL7 RCC1 NUP153 NUP50 TMEM209 0.3875
OXSR1 RELT STK39 0.3875
PFKM ACVR1B PFKL PTPRS GRK2 PTPRF 0.3875
SRCAP ARNT HIF1A YEATS4 MYC EPC2 VPS72 0.3875
TEN1 STN1 ACTR3C CTC1 0.3875
SOX2 SOX21 SOX14 0.3875
AGTRAP DIAPH3 CRLF3 MEX3B SACS ENPP6 0.3875
MIER2 WIZ EHMT1 CDYL EHMT2 ZNF644 0.3875
TAMM41 KLK8 RAB39B 0.3875
SLC5A3 SLC7A6 PXMP2 0.3875
CYTH1 CYTIP CYTH3 CYTH2 0.3875
WBP11 RNPS1 THRAP3 SRSF1 PPIG BCLAF1 WTAP PABPN1 ACIN1 0.3875
FAF2 PIP4P1 VPS9D1 VPS4B SARAF SETDB1 SPAST CAPN7 0.3875
RGCC TLN2 CARS2 0.3875
IREB2 CCNL2 ZBTB43 0.3875
FNBP1L MCMBP MCM10 MCM6 MCM4 0.3875
TM9SF3 MBOAT1 PTDSS2 DERL1 TMEM87A 0.3875
CEP19 FGFR1OP CEP350 CEP78 CCDC77 CSPP1 0.3875
SNAPC5 SNAPC1 CBX2 SNAPC2 PSME3 0.3875
SERTAD4 PPP2R1B PPP2R1A PPP2R5D PPP2R5E 0.3875
TP53BP2 FRMD6 RASSF8 PPP1R13B RASSF7 0.3875
NEO1 TNFRSF1A TNF 0.3875
KLHL7 MTERF4 PIAS4 KCTD15 RNGTT PPRC1 CA10 WDHD1 ASS1 0.3875
TUFT1 CACNG2 ATF1 CREM 0.3875
H6PD NUDT9 ENTPD5 PPT2 MAN2B2 FBXO6 0.3875
MYO18A SIPA1L3 MYL6 TPM4 LIMCH1 TPM1 CFL2 CEP162 0.3875
HTT PRMT2 SHANK3 USP51 L3MBTL3 0.3875
ZBTB40 IER2 PITX2 0.3875
EPM2AIP1 BAG5 MAD2L1BP MAD2L1 MAD1L1 0.3875
MBD3L1 LDLR LTBP1 ZFP41 LRP1B FBN1 FBLN5 GGNBP2 ZNF296 BEND7 LRP4 AGRN 0.3875
SETD1B KDM6A SETD1A ATN1 BOD1 CXXC1 BOD1L1 BOD1L2 RBBP5 0.3875
SULT1A3 SULT1A2 SULT1A1 0.3875
EED PHF19 EPOP MTF2 0.3875
ENDOV APAF1 SEPHS2 0.3875
LYPD6 TMEM68 TMEM245 0.3875
AHCTF1 INTS5 INTS4P2 INTS11 INTS12 INTS9 INTS4 0.3875
RBM12B APOBEC3B TAF15 RBM3 HNRNPA1 ZNF326 RBMX 0.3875
FAM174A MUL1 RP2 OSTF1 SLC44A2 MARC2 RDH12 0.3875
ANP32B CDK11A ANP32A U2AF2 SAP30BP 0.3875
BECN1 PIK3C3 PIK3R4 UVRAG 0.3875
ATP6V1F ATP6V1C2 ATP6V1B2 STOM ATP6V1D ATP6V1E2 ATP6V1A IGBP1 ATP6V1H 0.3875
RANBP9 RMND5A GID4 TCEAL9 YPEL5 0.3875
MORC2 HERC1 MORC1 0.3875
CIP2A GEMIN6 SZRD1 GEMIN7 SMN1 STRAP GEMIN4 0.3875
PMS2 MLH1 FAN1 0.3875
55295 KCTD21 KLHL14 0.3875
SLC47A1 FZD2 GJA1 FITM2 GPR89A GP1BB SIDT2 0.3875
FMR1 FXR1 PRPF4B THRAP3 SRSF9 BCLAF1 CLK3 0.3875
CIAO3 CHFR DTX3 0.3875
NAT10 LLPH RIOX2 DDX55 RPL8 RPS2 0.3875
PDCD7 ZMAT5 SF3B6 ZRSR2 SF3B1 CCDC97 SNRNP35 0.3875
CTDSP2 CTDSPL CDCA3 CTDSP1 0.3875
LRRC46 PACS2 SIX4 PLCD3 0.3875
AEBP2 JARID2 EZH2 SUZ12 0.3875
MFN1 UBAC2 ATF7IP FAF2 MCUB ARL14EP SETDB1 0.3875
DDI1 NRIP3 RSC1A1 0.3875
EI24 YIPF3 CHPT1 0.3875
BAK1 MCL1 BBC3 0.3875
ALG9 MGAT1 LMF2 GLB1L2 0.3875
LMLN ARSK CTSF MOXD1 CACNA2D1 0.3875
FLAD1 CENPJ PLEKHO2 TACC3 ARX 0.3875
USP46 PHLPP2 WDR48 DMWD WDR20 USP1 0.3875
CLIP2 CLASP1 CLASP2 KIF18B MAPRE1 PDE4DIP SYBU 0.3875
DNMBP BIN3 PICK1 ARHGEF37 0.3875
SALL2 HPS1 SALL1 0.3875
NMI ASRGL1 IFI35 0.3875
YIF1A YIPF5 YIF1B 0.3875
ATP5F1B RPL12 ATP5PO ATP5PD RPS9 0.3875
WDR62 DUSP8 MAPK9 MAPK8 0.3875
GTF3C3 GTF3C1 GTF3C5 GTF3C2 GTF3C4 0.3875
EML1 NEK9 EML3 EML4 EML2 MITF 0.3875
CSNK2B CSNK2A2 NKAPD1 CFDP1 GPATCH2L 0.3875
ELP1 ELP3 ELP2 0.3875
EIF3J EIF3F EIF3C EIF3M PRRC2B EIF3H EIF3I EIF3K SUPT16H EIF3B EIF3G RPL12 0.3875
ITPKC AUNIP MTMR3 UTP14C SNX18 AURKA SETD2 PNO1 MTMR4 0.3875
CDC6 ISLR SLC10A7 ZRANB3 0.3875
LILRB2 LILRA3 LILRA1 LILRB1 0.3875
MIGA1 COMTD1 IFRD1 TP53BP1 USP28 0.3875
BTF3 CAPRIN1 TUFM G3BP2 NUFIP2 0.3875
GRB2 OSBPL2 APLP1 APBB2 ATP7A 0.3875
C11orf74 IFT140 EEF1AKMT3 WDR19 IFT43 WDR35 IFT122 0.3875
TACC2 TOX4 CKAP5 ALKBH5 SLAIN2 0.3875
LDLRAD4 REEP1 PEX11B USP24 SMURF2 STXBP4 WWC2 DPY19L1 RBCK1 0.3875
UBE4B STUB1 UBL7 0.3875
FAM83A CASKIN2 CRTC2 TNK2 OCRL SEC24C DOK1 0.3875
SHROOM1 57213 NYX 0.3875
RABIF TOLLIP DNAJB1 ARPP19 TRIM25 0.3875
SUPV3L1 HNRNPH1 SYNCRIP HNRNPA1 HNRNPDL 0.3875
RNASEH2C KIAA1143 RNASEH2B DCUN1D1 RNASEH2A MAGEB1 0.3875
CEP128 TSN TSNAX KIF2A 0.3875
ENTPD6 ITGA8 PTPRU CHST14 GALNT13 LRIG1 DIPK1B 0.3875
CHD4 ZNF219 DDX5 GATAD2B MBD3 DHX9 0.3875
RING1 AUTS2 MORC4 DCAF7 PCGF5 0.3875
MBD5 NSD3 MBD6 ASXL2 BAP1 KDM1B 0.3875
P2RY12 TTC39A TMEM161B 0.3875
TBC1D5 VPS26B VPS29 VPS26A ENTR1 0.3875
SMAD9 LEMD3 SMAD3 SMAD2 0.3875
CD74 HSDL1 TM4SF20 0.3875
C16orf91 UQCC2 UQCC1 COX20 0.3875
MRTFB KCTD3 TJAP1 FHL3 MTUS1 CORO1A CORO6 0.3875
PSMC1 PSMD14 ACBD3 REX1BD PSMC6 PSMB8 0.3875
SUMF1 FBXO21 B3GLCT ARSA IDS 0.3875
RFPL4B RFPL4A ZNF302 ZNF784 0.3875
GTSE1 PICALM STAMBP HNRNPDL HIP1R 0.3875
ZC2HC1A CASTOR2 CASTOR1 0.3875
NCOA5 ZNF638 TAF15 YLPM1 RBM6 0.3875
TPRN ABLIM1 COBL PACSIN3 PPP1R9B CALML3 CFL2 0.3875
S100B S100P S100A4 0.3875
GRIP1 DYRK1B FAM53C FNTB CENPF 0.3875
KCNK1 CXCR4 CERS2 VKORC1 GOLGA5 CERS6 ABCC1 0.3875
VPS25 SNF8 VPS36 0.3875
RANBP6 KPNA1 KPNA6 IPO5 KPNA5 0.3875
FGL2 SPHK1 KIF7 ZNF282 CYLD 0.3875
ANKRD50 ARL13B IFT74 IFT22 IFT81 0.3875
USP54 HELZ PUM1 0.3875
DOC2A TTC21B DOC2B 0.3875
SLC16A13 ERGIC3 ERGIC2 0.3875
NHSL1 SPOCK1 GTF2E1 GTF2E2 EPB41L2 0.3875
SMR3B GALT UBTD2 0.3875
C3orf52 LIPH DHX32 0.3875
BAIAP2 CYFIP2 KIAA1522 CHMP6 CYFIP1 0.3875
AFF4 CCNT1 ELL3 MLLT3 AFF1 CCNT2 AFF3 CDK9 ELL2 EAF2 MLLT1 0.3875
RPAIN RPA3 RPA4 TOM1 HMCES RPA1 RPA2 0.3875
DCTN6 DCTN3 ACTR1B DCTN2 ACTR1A DCTN4 ACTR10 DCTN1 DCTN5 0.3875
MRPS10 MRPS9 MRPS2 RPL10 MRPS17 MRPS18C EEF1B2 MRPS28 MRPS25 MRPS22 ERAL1 PTCD3 DAP3 SRP72 0.3875
USP25 CROT KLHDC4 0.3875
CCDC112 NOL4L TEX9 NOL4 0.3875
PRPS1L1 PRPS2 PRPS1 0.3875
TNFAIP1 KCTD10 KCTD13 0.3875
RING1 RYBP YAF2 PCGF1 MORC4 BCL6 0.3875
COPG2 SACM1L COPB2 0.3875
ACRBP CSNK1G2 ATL2 ATL3 0.3875
TRAPPC1 TRAPPC12 TRAPPC2L TNK1 TRAPPC11 TRAPPC2 TRAPPC3 CEP55 TRAPPC8 TRAPPC5 TRAPPC6A RBM14-RBM4 0.3875
CES3 TMEM25 HTRA1 HTRA3 0.3875
PABPC1 SRPK2 RPS3 BTF3 IPO5 RPS23 RPL6 RO60 0.3875
PPP4R1 CCDC6 PPP4C PPP4R3B PPP4R3A PPP4R2 CT45A10 0.3875
TTC1 MTCL1 SOGA1 RNF41 SAMHD1 0.3875
CDNF LYRM4 NFS1 0.3875
NAA25 NAA20 UROC1 0.3875
ITGAV FZD6 ITGA5 ITGA3 KLC3 SYNE4 ZFPL1 0.3875
DDX3Y IL24 EEA1 0.3875
PSMB1 PSME1 AGA PSMA4 PSME2 LAMB1 0.3875
STXBP2 STXBP5L STX19 0.3875
RAB1B GDI2 AS3MT RAB1A RAB8B 0.3875
PALM2 ANK3 FPGS 0.3875
GPN3 POLR1E POLR1A POLR2D POLR2E 0.3875
ATG10 ATG7 ATG12 0.3875
PSMD4 SIL1 CCDC92 PSMD2 PSMD3 USP14 PSMD8 PSMC5 ACBD3 ADRM1 PAAF1 PSMC6 MACF1 PSMD6 0.3875
C1QBP LBR ZNF579 RBM23 0.3875
NAGPA SLAMF7 TBC1D23 0.3875
FAM122A PPP2R2D FBXL16 PPP2R2A CDCA4 FAM122B 0.3875
TSC1 TBC1D7 TSC2 KIF27 0.3875
KIAA1671 WASHC3 PLEKHO1 MYO18A CAPZA2 0.3875
TBPL2 TAF1A TAF1D TAF1C TAF1B 0.3875
DNAJA1 OSBPL11 UQCRQ OSBPL9 ENDOG RADX 0.3875
NCAPH2 SMC2 NCAPG2 SMC4 NCAPD3 0.3875
RNF126 UBL4A GET4 ASNA1 BAG6 0.3875
TEDC1 FOXP1 RABEP1 RABGEF1 CCDC183 RUNDC1 TMF1 CEBPA 0.3875
AKR7A3 AKR7L AKR7A2 0.3875
KCNIP4 KCNIP2 KCNIP1 0.3875
CHTF18 MDM2 DSCC1 PHOSPHO1 CHTF8 0.3875
JUNB NDUFAB1 ATPAF2 LYRM7 OXSM 0.3875
COA6 CRYZ TAX1BP3 LDHAL6A ETFB 0.3875
GPN3 PIH1D1 LRCH3 URI1 RPAP3 UXT POLR3G PDRG1 POLR3E 0.3875
COPB1 COPA ARCN1 COPZ1 COPE OGFOD1 COPG1 0.3875
SERINC1 ASGR2 ADGRL3 0.3875
TMUB1 DNAJC11 ACBD5 RMDN3 MBOAT7 FAM8A1 0.3875
HTR3C ABHD16A SEC11C METTL25 0.3875
ABHD10 UBR4 NIPSNAP3A KCMF1 0.3875
EFR3A EPHA2 CPNE8 MEAK7 RRAS2 0.3875
IGKC ALB IGHG1 APOA1 TF FGB SERPINA1 0.3875
DOCK4 ELMO1 MTHFD2 USP4 CKM DOCK5 ZNF398 DOCK3 ELMO2 CRK DOCK1 0.3875
ARID3B LHX6 NUDT22 WDR45 ATG2B 0.3875
VPS18 VPS8 VPS41 VPS11 VPS33A VPS16 TGFBRAP1 0.3875
RALY MRPL35 YTHDC1 MCAT RPUSD3 HNRNPUL2 TRUB2 0.3875
ATP5PF RPL35 ATP5PO ATP5F1D RPSA 0.3875
METTL7A SLC44A1 TSPAN17 0.3875
COL2A1 PTPN2 COL4A5 COL8A2 COL5A1 0.3875
GORASP2 ALDOC GALE GPD1L PGD 0.3875
TENT5A FNDC3B FNDC3A 0.3875
ASCC2 ASCC3 ASCC1 TRIP4 0.3875
S1PR2 SLC35F2 TMEM120A POMK BRIP1 PIGB PKDCC 0.3875
GFOD1 CARD10 RALGAPB GFOD2 RALGAPA2 RALGAPA1 FBXO9 0.3875
WIPF2 NMT2 NCK1 NCK2 WIPF3 0.3875
PNMA1 PNMA8A MOAP1 ZCCHC12 0.3875
YOD1 CCDC51 TGM5 JUP 0.3875
MON1A SP6 RMC1 DNAAF3 0.3875
TRIP12 DTD1 EIF1 TAOK1 LRRC47 NXN 0.375
GYG1 GYS1 MID1 EPM2A AGL STBD1 GYS2 0.375
ARPC3 RRM1 ACTR2 ARHGDIB EIF4E DOCK8 0.375
ST5 BST2 LIMA1 CAPZA2 CARMIL1 0.375
RPA1 CDK7 ERCC2 RPA2 TFAM MNAT1 0.375
ZNF358 FAM170A TNK2 SEC31A CSNK1A1 SEC23A OCRL CSNK1A1L 0.375
HNRNPAB HNRNPD HNRNPH3 DDX1 HNRNPA0 SYNCRIP HNRNPA1 0.375
NUFIP1 NMNAT3 TPX2 RAB7A DCX ATP4A 0.375
LTBR THAP3 TNIK RPL29 RPL11 SPATS2 0.375
ADD1 UBP1 ANKRD29 ADD3 BIN1 0.375
MVD GSTK1 CYB5B ACSS2 CYCS 0.375
SNRNP200 U2SURP SRSF9 SRSF5 PRPF4 NOP53 SRRM1 0.375
DAAM1 POGLUT1 CACNA2D2 RHOD C1orf198 PLXNB2 0.375
ZNF609 USP7 TRIM27 KDM2B ZNF621 DHX40 PCGF2 ACTL8 ETV6 BCL6 0.375
HAAO UBQLN1 IDH1 PHGDH UBQLN2 IDH2 0.375
CBS ALDH7A1 OXCT2 BPNT1 HSD17B14 0.375
MOB2 SAR1B STK38 0.375
HNRNPUL2 MRPL43 YARS2 PAIP2 PTCD1 YTHDC1 0.375
NOC4L NOP14 MAPK3 DHPS SUSD4 0.375
ARMC6 XPNPEP1 SMARCAL1 0.375
PRDX2 PRDX3 DAZAP1 PRDX1 DTYMK TTN 0.375
DLG4 PTK2B UFC1 0.375
AFF4 OSBPL1A CCNT2 HEXIM2 CDK9 HEXIM1 NSMAF 0.375
LSM4 SPTBN2 LSM5 LSM1 SLU7 LSM3 SPTB 0.375
RBBP7 FOXK1 SAP30 SUDS3 MTA3 SINHCAF 0.375
ITGA3 SLC3A2 ITGB1 ITGA1 SLC1A1 0.375
GAMT ECHS1 ANXA4 0.375
CALD1 FDXACB1 THUMPD1 0.375
MYH8 PSMC3 TPM1 MPRIP ACTN2 0.375
PPP1CA LRRFIP1 TMOD1 MYLK PPP1CB CALM1 PLEC 0.375
ZFP1 AKR1C2 PLXDC2 AKR1C1 AKR1C3 AKR1C4 0.375
NME2P1 SEPHS1 ACADS 0.375
B4GALT3 CHST14 CHST12 ADAM17 PACC1 LRIG1 LRFN3 SCAP 0.375
BTF3 HSPD1 LRRC28 CCAR2 NACA2 EEF1B2 0.375
PGM5 OXCT1 GPT2 DBI GPHA2 HIBCH 0.375
NKRF FOCAD MRTO4 SLC25A51 SCN2B PWP1 0.375
RSBN1L SET ZNF445 ZNF574 C14orf93 0.375
TALDO1 PEPD TAGLN3 ENO3 FKBP2 FKBP1A 0.375
BTBD10 CDC20 BUB1B BUB1 ANAPC10 PCBD1 BUB3 0.375
TNK2 GOLGA2 OCRL USO1 GORASP1 0.375
PPM1A CIR1 FANCI NAA10 FAAP20 0.375
ST3GAL6 UGT3A2 PON2 PTCH1 ACAT1 ABCA2 ST6GALNAC3 0.375
ALDH9A1 CFAP161 PMVK TXNRD1 TPD52L2 0.375
FGD6 NEURL4 DBNL HERC2 ZBTB5 0.375
ADPRHL2 PCID2 UPB1 0.375
PTPN11 RAB5A RAB5C SUN2 CHM RAB5B 0.375
GNL3L WDR36 DDX55 RSBN1L WDR3 GTPBP4 0.375
PANK2 AKR1E2 DNM2 RPE DNM3 0.375
HASPIN CNRIP1 UTP4 0.375
ATE1 BANF1 PARP1 0.375
HSPH1 HSPA2 HSPA1L HSPA1B STIP1 BAG2 0.375
STBD1 GABARAPL1 PPP1R3C GYG2 MID1 GABARAP 0.375
SKA2 SKA1 SKA3 SNAP29 SEC22B 0.375
WARS CAMK2D CAMK2G MMUT GRPEL2 0.375
SIAH1 JSRP1 SIAH2 0.375
GOT2 HMGCL TAGLN ISOC1 OXCT1 PCBP3 UPP1 TIAL1 0.375
PPP2R5A HK2 PPP2R5D CKM PPFIA1 PPME1 CRK CKB 0.375
TNPO2 IPO11 KIF14 ZNF7 IPO8 ZNF331 0.375
CD2BP2 SNRNP200 PDS5A CDC5L RAB43 XAB2 PDS5B 0.375
SLC43A1 NXPH3 ZACN EDEM1 DPY19L4 SLC41A3 SUFU 0.375
CHST8 PSG11 CHCHD2 PSG4 GAL3ST1 0.375
NKRF BCCIP WDR36 TENT2 PWP2 0.375
GFPT2 ACADM SIRT6 TARSL2 GFPT1 0.375
ATP6V1F PPM1A INPPL1 MTHFR ATP6V1H PPM1B 0.375
DENND6A FAM171A2 RPS6KC1 0.375
PHIP SDC2 PIP5K1A NRXN3 CHD1 TMPO 0.375
GSTA1 GSTA2 GSTA3 GSTA5 GSTA4 0.375
S100A8 SERPINB3 S100A7 LGALS7B SERPINB4 0.375
SPTBN1 CORO1B ACTN1 UNC119B CFL1 PDIA4 0.375
H3F3C DDX5 GATAD2A HDAC1 CHD4 ZBTB2 MTA2 0.375
CD109 SAT2 COA7 0.375
FCN1 KIAA0319L FCN2 DNAJC13 KIAA1549 LGALS8 SUSD5 ALCAM 0.375
DHX35 ZBTB49 ZNF140 CWC15 WDR83 0.375
TBC1D8B SERPINB1 HYI LACTB2 ITPA 0.375
HK2 CUL5 OGDHL ASB9 CKB ELOC ELOB 0.375
MFAP1 PRPF38A RTN3 0.375
PPP2R3A LZTS1 LPP SESTD1 LZTS2 0.375
RPS9 CALR RPL30 P4HA2 FAU P4HA1 P4HB 0.375
MBIP ZNF131 CKM YEATS2 FAM92A GMCL1 PLBD1 0.375
GPN3 TWISTNB CRCP POLR2E POLR2A POLR1B CTDP1 POLR3H POLR1E POLR2L POLR1A RRN3 CD3EAP 0.375
FSCN1 ACOT7 NECAP2 NECAP1 SAR1A 0.375
GCNT2 TMEM79 FLOT2 MPZL3 ATP2A1 0.375
ZNF609 PCGF1 RNF2 PCGF5 CBX4 CBX8 BCOR RYBP YAF2 BCORL1 MORC4 KDM2B DCAF7 PHC2 0.375
FH TBCA C1orf50 AHCY FKBP1B 0.375
NUDC RNF10 CD2AP ERC2 RNF25 ERC1 0.375
NCOA5 RBM12B HNRNPR API5 PRMT1 RBMX 0.375
EP300 C3orf62 CITED2 0.375
SOD1 RGN TANGO2 TXN NME1 0.375
MKRN1 YWHAQ SRSF1 FAM83G YWHAH SFN YWHAB YWHAG SRSF8 YWHAE CLK3 0.375
CYB5R3 TROAP CPVL 0.375
ACOT8 NANP PML KLHL23 GOLGA6B 0.375
NPM1 EMG1 RPL30 PHB PHB2 ATP5F1A IGF2BP1 0.375
SEC24A AMPD2 TRMT1 CCDC198 SLC25A29 0.375
PDYN TLN1 EIF4EBP2 TIMM13 TIMM8B 0.375
FLII LRRFIP1 TRIOBP RAI14 GAS2L3 ST5 SSH2 LIMA1 0.375
ARPC3 DNAJC1 FARSB ARPC5 DDX1 FAM98B 0.375
RHPN2 BCL2 BAX BCL2L1 BAD BCL2L11 0.375
MCM2 MINDY2 MCM5 DNMT1 PTRH2 0.375
EEF1A2 TTLL12 EEF1D EEF1B2 PBDC1 0.375
KBTBD6 CUL3 KLHL42 KBTBD7 TEFM DOK4 0.375
RPL10A RPS26P11 HIST1H1A SLC25A6 SLC25A20 NSUN2 0.375
RPL10 SRP72 MRPS27 MRPS18B MRPS22 0.375
DLST DLD MRPS36 NACA2 OGDH IGF2BP3 0.375
ITPRID2 ITPR2 MYO1E ITPR3 TESPA1 BOK TES ITPR1 0.375
PGK2 TSFM PGK1 ENO3 FKBP1B 0.375
FBXW5 MYCBP2 FBXO45 LGALS3BP PKP4 SPRYD3 0.375
TAF2 TBP TAF4B TAF4 TAF5 0.375
ZMYND8 ZNF687 CLTC KDM5C ZNF592 ZNF532 0.375
RAB32 SHROOM3 RAB38 0.375
C8orf34 OGN ASB7 0.375
FAM177A1 285282 ATP2C1 CKAP4 CLCN7 0.375
SNX1 VPS29 SNX2 SNX5 COMMD9 C11orf42 0.375
GTF2A2 CUEDC2 GTF2A1 TBPL1 RO60 0.375
TUBA4A CAPS TUBB2B TUBB2A ARL2 EML2 0.375
PYCR1 KITLG KLHDC10 0.375
TOMM34 TARS RNMT EPS8 MYL9 0.375
PSPH PRPSAP1 IVNS1ABP 0.375
ST8SIA1 NMD3 TTC27 0.375
EXOSC8 EXOSC2 EXOSC9 FARSB FARSA DIS3 0.375
SEC23IP C5orf51 DDHD2 0.375
RAB6A PRKCA PAG1 GAP43 RAB2A PRRC1 0.375
PLPP6 CIT PPM1F 0.375
CAPNS2 CAST DDI2 LZIC LIX1L 0.375
LUC7L2 PRPF4B SRSF8 CLK3 CLASRP SRSF1 0.375
HK1 ASPDH ATP6V1E1 RAB8A SPATC1L 0.375
VPS13C IP6K1 UBXN4 UBE4A VPS13A 0.375
HSPA4L CDV3 TRAIP NISCH HAT1 0.375
NFYA FCGR2A PLCB3 GTPBP1 NFYC NFYB 0.375
RPL10 FOCAD RPS17 EEF1B2 RPL5 SCN2B ARHGAP27 EIF3B 0.375
ALDH3A1 UCP2 GPR18 0.375
CD2BP2 CDC5L EIF2S2 SNRPN CDC123 SNRPA1 0.375
FAM76B ADO KCNJ10 0.375
SMCHD1 LRIF1 YEATS2 FAM92A CEP41 TADA3 KAT2A 0.375
ETS2 COP1 ETV1 0.375
CHTOP THOC7 WBP11 THOC1 CCDC9B THOC2 RBM25 DDX39A THOC6 0.375
REEP6 ATP1B3 REEP5 IL2RG SCAMP4 0.375
DPCD ACTR6 MRFAP1 RUVBL2 MYC MORF4L1 VPS72 0.375
NUDT2 AIP SOD1 TXN2 FAM161B TXN DPY30 0.375
CFAP410 CEP97 NEK1 CCP110 CEP104 0.375
FUBP1 PPIL3 CCDC58 FUBP3 RBM38 GIGYF2 0.375
REPIN1 ZFP1 SET ZNF7 KIF19 ZNF845 ZNF331 0.375
SUV39H2 CBX1 RLF CBX3 CENPV MDC1 0.375
PAFAH1B3 FADD IL37 PAFAH1B1 PAFAH1B2 0.375
LACC1 SGO2 PLP2 MSH6 H3F3B 0.375
FBXL17 FCGR3B KLHL20 LRRC8E LRRC8C 0.375
ENO1 PGAM1 PGAM2 GAPDH ENO2 PGAM4 0.375
BTAF1 SMN2 GEMIN4 TNPO3 ZNF696 DYM 0.375
DSTN CST3 AKR1A1 ARF5 LDHAL6B UPP1 ARF1 0.375
MSN EZR PLS1 FLNB DECR2 GABARAPL2 0.375
ZNF70 URB2 ZNF48 URB1 DDX51 0.375
ALDH8A1 ALDH6A1 ACAD10 0.375
ARSB ARSA CTSF MEGF8 GALNS MGRN1 0.375
CHTOP THOC7 FKBP3 POFUT2 POLDIP3 MCTS1 DENR 0.375
UBQLN4 UBQLN1 PHGDH RIDA GLRX RAD23B HIBADH 0.375
KYAT1 PALLD ATP5IF1 GRPEL1 CMPK1 0.375
GANC ARHGDIG HSD17B10 AGO1 TRMT10C 0.375
GLRX5 PHPT1 APRT PGP PGD 0.375
PMM1 HMOX2 POTEE GPR35 PMM2 0.375
ZCCHC17 PTRHD1 LAP3 0.375
RPL26L1 BOP1 RPL15 SKIV2L SUPT16H TTC37 NOP53 RPL12 0.375
CD96 LDB3 HSPA1A 0.375
MTUS2 CHMP2A CHMP3 TFG UMAD1 TM9SF1 0.375
MCTS1 PTH1R DUS3L OTUB1 DNAJC17 SUMF2 0.375
SPTBN1 RRM1 COBL ARPC4 DAB2 SLC25A41 0.375
PLEKHB1 ARHGEF12 TRMT61A DAZAP2 RBFOX2 0.375
KRT6A KRT8 KRT17 0.375
BTF3 HIST1H1A HIST1H1C RPL5 ARHGAP27 0.375
PRPF4B SRSF9 RBM6 SRSF1 IWS1 RBMXL1 SRSF2 0.375
TTLL1 LRRC49 TPGS1 TPGS2 C11orf49 0.375
DNAJC7 NAA11 CPNE2 NAA50 PRPSAP2 0.375
WASH3P WASH6P TPM2 ACTA1 CORO2A CAPZA2 CEP162 0.375
RPL3 RPS15 BOP1 PES1 TSR1 RIOK2 0.375
HNRNPL ACLY MAP3K4 TBC1D10B WDR91 SYNCRIP HNRNPA1 0.375
CLVS2 PITRM1 DDX41 0.375
SASS6 MLYCD CCDC68 NFIB FYCO1 0.375
IMPDH2 SLC25A44 PDE8B IMPDH1 DDX53 0.375
CDC40 SNW1 GPATCH1 CCDC12 SNIP1 RAB43 DHX35 CWC15 CLASRP WDR83 0.375
ZPR1 YTHDF1 PDAP1 0.375
ZNF574 ABT1 GAR1 ZNF526 HOXD3 GTPBP4 0.375
EIF4A2 EIF3A PFKFB4 PRRC2B EIF4G2 EIF4A1 EIF4G1 0.375
CCDC43 SCML1 PAWR 0.375
HSPA8 ANXA5 DNAJA2 STIP1 OGT HCFC1 0.375
TRARG1 SGPL1 ANKRD12 0.375
FEM1A ICK BARD1 CDK17 CDK16 BRCA1 0.375
TRIM9 MYH6 ACTN2 MYH7 TPM1 AASDH MYH1 MYH4 0.375
SNRPE SNRPF IK SF3B1 SRRT SNRPD2 CDK12 RSBN1 0.375
ZNF286B RET HEXA DNAJA4 ABCA7 ALDOC ARHGAP32 0.375
SIRT3 POLL SEMG1 C9orf64 LSM14B SEMG2 0.375
GPN1 POLR3C RPAP3 POLR2A WDR92 CTDP1 POLR3H POLR3D POLR3B POLR3K POLR3E POLR3F 0.375
PYGL CS PNPO FUCA2 GIPC1 0.375
FABP5 RAB33A DCXR UPP1 QDPR BPNT1 0.375
PECR LCN1 LACRT 0.375
AKIRIN2 CEP120 PSMA1 PRSS3 PSMG4 PSMG2 PSMB4 0.375
TOMM40L AFMID STK17B 0.375
RGPD8 DDX5 RANGAP1 SF3B3 RANBP2 0.375
NUFIP1 STX1B DGUOK CADM2 ANK2 DCK 0.375
SPATA46 SNX24 CSNK1E GAPVD1 HLCS SNX22 0.375
SNX9 DPPA4 ADD2 0.375
MAT2A HNRNPH1 MAT1A HNRNPF MAT2B RHOC 0.375
LSM1 SF3B5 SMNDC1 LSM3 SNRPB2 0.375
ATG9A CSPG4 SLC9A6 PODXL KIAA1549 A2M CLCN3 CD58 ANO6 SPPL2A ABCC4 ENPP4 CD47 PTPRJ LAMA4 SLC36A1 ALCAM 0.375
GSS ADA2 IDE MRI1 SERPINB8 RMDN1 0.375
SRSF11 U2AF2 MSH6 MSH2 CDK12 RSBN1 0.375
TBL2 SREBF2 PNPLA6 DGKE UPK3BL1 0.375
SCRN1 UBE2T ETF1 0.375
PABPC1L ELAVL2 PAIP1 0.375
DNAJC1 EIF4E EIF4ENIF1 ARPC4 EIF4G3 0.375
DNAJB12 MKNK1 RHBDF1 HECTD4 TTC3 PDLIM5 KIF22 0.375
FNIP1 COPS6 CUL1 COPS5 RBX1 CUL2 0.375
LRRFIP2 SIPA1L3 VCPKMT UBXN2A UBXN6 TMOD3 CEP162 0.375
ACTB SORBS2 PHLDB2 MYL6 DAPK3 CEP162 0.375
HNRNPL HNRNPA3 HNRNPH3 MESD HNRNPDL DDX1 0.375
HEYL PGGT1B AMMECR1L 0.375
CTTN ACTB LMO7 TPM2 CAPZA2 ACTN2 TPM4 LIMA1 0.375
PPP3R1 CHML RAB7A CHM RILP 0.375
RBM26 CPSF7 U2SURP SF3B6 NUDT21 0.375
CMTM8 GBA2 ILVBL 0.375
ACTR3 BHMT2 CAPZB TBCE PHLDB2 HNRNPLL 0.375
ZCCHC8 NFATC2IP RBM7 0.375
CROCC ELAC2 HARS2 GTPBP6 SARS2 0.375
SLC12A5 RAB33B DGUOK NCAM1 SYTL4 SYT1 RAB3A 0.375
C2orf48 FAT3 PCDH7 0.375
RAC1 CPOX BLVRB BROX FAM49B 0.375
SNRNP40 CCDC12 DHX35 AQR USB1 CDK12 0.375
CBR1 PGP CBR3 PDXP GORASP2 APRT CSTB 0.375
CWC15 GPATCH1 EXO1 RBM22 RIMS4 WDR83 0.375
TIRAP NTMT1 DRG1 TEP1 LRRC41 0.375
RFK ALDH16A1 PCMT1 DTYMK KLHL42 PRDX1 C11orf54 0.375
BMP7 GSTCD TTC13 B3GLCT CHPF POGLUT2 0.375
ARPC3 ARPC1B NGLY1 ACTR3B RAD23A ARPC5L 0.375
ATP5F1A ATP5F1E GJB2 ATP5PD ACKR3 0.375
TATDN1 STAP1 SH3KBP1 0.375
PRPF40A RBM25 PRPF40B U2SURP SRSF9 PPHLN1 0.375
TMEM139 RPS6KA3 ZMYM5 0.375
RAN RCC2 SF3B3 RDX DDX3X SRSF5 SNRPD2 0.375
THOC7 THOC3 RBM15 THOC5 CPSF7 CCDC9B SF3A2 0.375
SIPA1L3 MYH6 TPM2 SH2B2 LIMA1 ACTA1 TPM1 TNNI1 0.375
WDR46 RAP1B SFXN1 FARSA EPHA7 0.375
ACADVL RPS3 ATP5F1A HNRNPU SRBD1 RPS23 0.375
TBC1D13 APIP EPS15L1 0.375
PCCA CPS1 NNT TWF2 IARS2 FDXR 0.375
LMLN GALNT7 ADAM17 AMIGO1 EGFR ADAM10 0.375
CIP2A EXOC6B EXOC4 EXOC1 EXOC8 EXOC3 GBF1 EXOC6 GEMIN2 EXOC7 GEMIN4 DYM EXOC5 EXOC2 0.375
TYMS DHFR WDR45B 0.375
SEZ6L2 FCN1 SUSD5 PODXL A2M 0.375
TRA2B BCLAF1 H2AFZ RNPS1 ZRANB2 0.375
EBNA1BP2 MRTO4 GNL1 UTP23 LLPH RPS11 TUFM PES1 0.375
RPA3 FKBP4 5471 DPP3 TOM1L2 0.375
PCBP4 OAT AK1 PPID PGM1 0.375
QKI UBE2V1 UBE2V2 UBE2N SORD 0.375
TBC1D22A CERK EFNB3 0.375
PUM3 HIST2H2BE H2AFV NPM1 DDX47 RPL11 0.375
DNAJB2 DNAJB6 DNAJB8 CYHR1 FAM189B 0.375
SPTBN1 TPM4 KIAA1211 MYH7B CAPZA2 PPP1R12A 0.375
RBM25 CCDC12 PPIL1 SLU7 SNW1 CLASRP 0.375
ZNF507 RAB40AL ARIH2 RAB40A SOCS6 0.375
PI4KB KIF3B CASP1 KIFAP3 KIF3A 0.375
RPS5 RPL10 PRRC2C LLPH DDX55 ZNF689 SRP72 0.375
CBR4 MACROD1 HSD17B8 ACOT9 MOCOS 0.375
PUM3 URB2 SRP72 HIST2H3C H3C2 0.35000000000000003
GSTM2 GSTM5 ARFGAP2 GSTM4 ARFGAP1 ARFGAP3 0.35000000000000003
SERPINB5 ARF4 LDHC RNF10 UBE2D2 ATOX1 0.35000000000000003
TPI1 ALDOC GSTO2 HEXA NIT2 0.35000000000000003
ATM C19orf25 COG6 COG4 XPO7 ZW10 COG3 0.35000000000000003
TRA2B LUC7L LUC7L3 ZC3H14 RSRC2 TRA2A 0.35000000000000003
SPEM1 TNN ZPBP2 RANBP17 PPP1R1A 0.35000000000000003
RPL10 IMP3 FOCAD SRP72 NOP53 MPHOSPH10 PRKRA 0.35000000000000003
TOPBP1 SETD3 DNAJC2 CWF19L1 HSPA14 NFAM1 0.35000000000000003
CD68 LGALS1 HSPB1 CTSB HIBADH 0.35000000000000003
NT5C2 SCRIB UBXN7 VIPAS39 LRRC1 0.35000000000000003
BTF3 CALR MNS1 INHA PDIA3 0.35000000000000003
RBM25 SLC4A1AP PRKRIP1 SF3B5 RBM11 SNRPA1 0.35000000000000003
UACA BORCS6 MANF DISC1 CEP250 LASP1 0.35000000000000003
PER1 PER3 CRY1 TEKT4 CRY2 0.35000000000000003
CBLL1 METTL14 METTL3 WTAP RBM15B SART3 0.35000000000000003
FAM161B FKBP2 SOD1 ADI1 TRABD NME2 0.35000000000000003
NPR1 CHST12 GSPT1 OGA CHST14 0.35000000000000003
CD2BP2 LRRC47 SMC1A CDC5L TRIM38 TAOK1 NUDT21 0.35000000000000003
NRXN1 PGM5 GLOD4 SOD1 C4BPA 0.35000000000000003
TMEM131L 100294276 RNF130 HLA-DRB1 TMEM219 NETO2 0.35000000000000003
ADARB1 USP39 PRPF4 DDX5 NMT1 SF3B6 0.35000000000000003
RAC1 PRDX5 SPR HINT1 CRIP2 SERPINH1 0.35000000000000003
NAT10 DHX37 FBL TUFM RPL15 ZNF768 0.35000000000000003
DERL2 PSEN1 SLC35E1 ABCB7 NCSTN 0.35000000000000003
PUM3 NAP1L1 RPS9 MRPS22 MRPS34 RRS1 0.35000000000000003
MCM2 UBL5 BCAS2 PDIA5 C1orf52 0.35000000000000003
PPP1R14B SYNE2 FXN SYNE1 TPD52 0.35000000000000003
HS1BP3 HNRNPA3 HNRNPR CWC27 HNRNPA0 SYNCRIP API5 0.35000000000000003
PLEC RAI14 TMOD1 TRIOBP CFL1 CAP1 0.35000000000000003
CSNK2B SUPT4H1 RBM46 DOK4 GTF2F2 0.35000000000000003
CCNI2 MOB3A CDK5 CDK20 CDK5R1 0.35000000000000003
ELAVL1 PTBP1 HNRNPD SUGP2 MARCKSL1 0.35000000000000003
GSTP1 AKR1D1 TXNDC17 TSFM AK2 CFL2 HIBADH 0.35000000000000003
THOC3 RBM15 ZC3H11A THOC1 SF3B3 SNRPB2 0.35000000000000003
ATP5PF PHB2 RPL19 SLC25A4 ATP5F1E ATP5F1D ATP5PD HADHA 0.35000000000000003
PRMT7 FAXC ACSL4 EIF2S3 CLUH CAD 0.35000000000000003
ENSA STMN1 CDC42SE2 CDC42 ANXA3 0.35000000000000003
P2RY8 ATP1A4 ATP1B4 TMEM8A ATP1A2 0.35000000000000003
SRI SOD1 PYCR3 PCMT1 YDJC PARK7 ENO3 0.35000000000000003
RABIF CLIC6 CSK KYNU CLIC4 0.35000000000000003
ARHGAP44 RTCB SRP72 RTRAF REXO4 0.35000000000000003
FERMT1 CACYBP SNX3 CTPS2 CTPS1 0.35000000000000003
SFPQ PTBP1 HNRNPD HNRNPDL NONO CNBP APRT 0.35000000000000003
CALU NACA2 PTRH1 RCN1 P4HA2 FAU 0.35000000000000003
RPL10 PUM3 BAZ1B MAK16 RPL11 FTSJ3 RRS1 0.35000000000000003
BCAT1 SERPINB10 TWF2 HARS PTK2 0.35000000000000003
PRDX5 GLOD4 PRDX6 AKR1B1 GLO1 GRHPR 0.35000000000000003
HMGB1 SORBS2 S100A10 TMOD1 ANXA2 HMGB2 0.35000000000000003
TOP2A BCAS2 ISY1 CTNNBL1 SNRNP40 SF3A2 CWC15 0.35000000000000003
ATP6V0D1 VMA21 ATP6V0A1 FLOT2 ATP6AP1 FLOT1 0.35000000000000003
SETD5 KSR1 SLC12A5 ERC2 MAP2K1 0.35000000000000003
CAT CHST7 CLYBL QSOX1 GLT8D2 BPNT1 0.35000000000000003
TSGA10IP MANF HYPK NAA16 EHBP1L1 0.35000000000000003
TMEM255A CBR1 GCA CSTB DENND3 0.35000000000000003
DPP8 WDR4 METTL1 AMPD2 PLS3 0.35000000000000003
MARCHF6 ZDHHC7 PIGN GLRA2 TXNDC15 0.35000000000000003
SOX5 SOX13 XPO5 CEP85 CLEC12A 0.35000000000000003
CGNL1 CUX1 ELOF1 HNRNPF PDIA6 0.35000000000000003
OTUB1 MCTS1 RNF25 OTUD6B UBE2D2 DENR TCERG1 0.35000000000000003
ACADVL ZFAND5 TXLNA SLC25A5 CDC37 PHB 0.35000000000000003
APRT ADA PUDP PCK2 UBE2D2 PDXP 0.35000000000000003
MRPS17 MRPS2 C8orf33 MRPS18C MRPS23 MRPS33 DHX30 MRPS26 MRPS18B 0.35000000000000003
DSTN TIA1 ALDH5A1 PCBP3 ADK 0.35000000000000003
CBS CAT TAGLN3 TAGLN2 FKBP1B ENO3 NME2 0.35000000000000003
PYROXD1 SAE1 UBA2 PRPF39 GDF15 0.35000000000000003
INTS8 INTS13 C7orf26 INTS6L INTS5 0.35000000000000003
ETFA CTSD BPNT1 ETFB CTSA 0.35000000000000003
SFPQ HNRNPD PFAS ROBO1 NIF3L1 0.35000000000000003
DNAAF5 GCN1 ARRDC1 ATM OSBPL6 GLMN 0.35000000000000003
AKR1B10 GSTP1 MDH2 GOT2 AKR1B15 LAMP1 0.35000000000000003
RSPH9 CAPRIN1 CCT8 LONP2 ZC3H4 0.35000000000000003
ATP5F1B ATP5F1A SUMO4 ESYT2 RPL30 ATP2A2 0.35000000000000003
PDS5B RBM3 SAFB2 DDX5 SAFB YLPM1 0.35000000000000003
ZRSR2 XRN1 CCDC97 PRPF8 SART3 TUT1 0.35000000000000003
SNRNP40 MTPN BAG1 PRPF4 SNRPB NUDT21 0.35000000000000003
MEPCE USP36 RPL30 DHX33 0.30000000000000004
DTD2 RBSN ACOT13 VPS45 0.30000000000000004
DHX15 DDX3X SMU1 UHRF2 0.30000000000000004
ACTN1 MYO5A ABLIM1 ACTN4 0.30000000000000004
RPL10A ABT1 ESF1 RPF2 0.30000000000000004
NDUFA8 NDUFS3 NDUFA9 ND5 0.30000000000000004
MTERF3 FASTKD2 MRPL46 MCAT 0.30000000000000004
PPP4R1 CCDC6 MOB4 CTTNBP2 0.30000000000000004
NPEPPS ALDH5A1 SIPA1L3 CFL2 0.30000000000000004
NEU1 RGPD5 RCC1 GLE1 0.30000000000000004
SPTBN1 PQBP1 SF3B3 CDK12 SPTAN1 0.30000000000000004
CD2BP2 PUF60 LUC7L3 SREK1 0.30000000000000004
EIF5 ASF1B GATAD2A CAND1 0.30000000000000004
ERCC2 TOPBP1 PLK1 EIF2A 0.30000000000000004
NT5DC1 PRKACA PKLR PRKAR2A 0.30000000000000004
ARSK MBTPS1 GALNT13 ADAM9 0.30000000000000004
MYO1B TPM1 TMOD1 CALML3 0.30000000000000004
GPN1 POLR3K POLR2J POLR2E 0.30000000000000004
EIF4H PRMT1 HNRNPA2B1 AGO2 0.30000000000000004
MEPCE RFC4 PCLAF PCNA 0.30000000000000004
RANBP1 COMMD9 VPS35L ALDH18A1 0.30000000000000004
COL18A1 TAZ CHPF ERFE 0.30000000000000004
LUC7L PRPF4B PRPF38B SRSF2 0.30000000000000004
PSMG2 PSMA6 UCHL5 PSMA8 0.30000000000000004
CAMSAP1 RRM1 DNAJC1 HNRNPLL 0.30000000000000004
CHD9 P4HB P4HA2 HSP90B1 0.30000000000000004
PLXNA1 ITGA8 PTPRU FOXRED2 0.30000000000000004
EIF3J EIF3F JOSD1 EIF3C 0.30000000000000004
ARG1 FLG S100A14 SBSN 0.30000000000000004
USP15 MBD2 GATAD2A MTA1 0.30000000000000004
BPGM NUDT16 KLF16 TIGAR 0.30000000000000004
PDLIM4 CDO1 ACO1 PHYKPL 0.30000000000000004
SNRPA ECT2 LRRC47 DHX16 0.30000000000000004
RTCB PPAN-P2RY11 KLHL12 EWSR1 0.30000000000000004
RETREG3 PLSCR1 FAM210B SPRY2 0.30000000000000004
ZNF830 SYF2 CRNKL1 C1orf52 0.30000000000000004
PSMD4 GNPNAT1 ARHGDIA PSMC6 0.30000000000000004
EME1 MTPAP MUS81 H2AFV 0.30000000000000004
HSD17B6 ATP2B1 ATP2B2 ATP2B3 0.30000000000000004
RWDD2B MYH11 ATF6B OVCA2 0.30000000000000004
UXT POLR3D POLR1C POLR3E 0.30000000000000004
ECSIT NDUFB11 NDUFB6 ACAD9 0.30000000000000004
SAPCD2 GPSM1 PLIN5 CFLAR 0.30000000000000004
AK2 ZFYVE19 UPP1 VPS4A 0.30000000000000004
DTD1 CSNK1E PRPF18 DHX16 0.30000000000000004
THOC2 THOC1 SRSF4 SRSF6 0.30000000000000004
SCAF4 PRRC2C TFB1M HIST2H3C 0.30000000000000004
HADHB UBR5 RPS9 HIST1H1D 0.30000000000000004
STARD7 KHDC4 ZNF346 NAT2 0.30000000000000004
MTHFD2 MYH7B RPS9 CKB 0.30000000000000004
HNRNPUL1 RUVBL1 SNW1 DDX17 0.30000000000000004
CDC73 CSNK2A1 PAF1 CDK12 0.30000000000000004
MEPCE TSR2 H1FX RIOK2 0.30000000000000004
PIK3C2A GAK DMWD EPS15 0.30000000000000004
TRIM39 ZNF19 ZNF621 TRIM27 0.30000000000000004
DDX46 LUC7L HTATSF1 SNRPA1 0.30000000000000004
CNDP2 TXNDC17 NEDD8 GSR HIBADH 0.30000000000000004
PPIAL4D ABLIM1 TAGLN CFL1 0.30000000000000004
DDX46 SNRPD1 SRSF4 EFTUD2 0.30000000000000004
XAB2 SLU7 LSM8 C1orf52 0.30000000000000004
BYSL FAM207A RPSA HIST1H1C 0.30000000000000004
SUOX FBXW2 FBXO17 SPANXN3 0.30000000000000004
PSMA3 CEP120 AKIRIN2 C9orf78 0.30000000000000004
ACTN1 SORBS2 CRELD2 CLIC1 0.30000000000000004
SGSH ERFE DPEP2 EGFR HYAL2 0.30000000000000004
LSM2 LSM4 BICD2 ZMAT2 0.30000000000000004
PNP PKN2 TXNL1 PXDNL 0.30000000000000004
CDT1 CCNE1 GMNN RBL1 0.30000000000000004
XPOT DDX39A ZC3H11A C19orf47 0.30000000000000004
CCDC92 NCOA4 PSMD10 PSMD7 0.30000000000000004
RALA GNAZ CSNK1G3 TWF2 0.30000000000000004
EIF2B4 TNPO3 KIF14 SAAL1 0.30000000000000004
SYNCRIP MAP3K4 PRMT1 HNRNPK 0.30000000000000004
GSS TNRC6C GGA1 RAB23 0.30000000000000004
NKTR RNPS1 SRSF4 SAP18 0.30000000000000004
THADA CIP2A XPO6 GEMIN4 0.30000000000000004
ZSCAN23 ZNF397 ZNF26 ZSCAN32 0.30000000000000004
TSPAN3 ARL17A RDH14 PI4K2A 0.30000000000000004
GPATCH8 SRSF3 RNPS1 RBM39 0.30000000000000004
TINAGL1 DOK3 TPP2 HSPG2 0.30000000000000004
DDR2 PIR UBE2D3 CHORDC1 0.30000000000000004
CCNY SRC PALM EEPD1 0.30000000000000004
RANBP3L CCDC93 VPS29 RANBP1 0.30000000000000004
OR6C70 KLK10 A2ML1 L2HGDH 0.30000000000000004
DLST DBT KCNAB3 HDAC6 0.30000000000000004
MRPL14 MRPL50 THAP9 KCTD17 0.30000000000000004
CORO1C CTTN TES FRS2 0.30000000000000004
ZCRB1 SF3B2 SNRPD1 SRP72 0.30000000000000004