HDAC2 : Complex1 Complex76
RAB7A : Complex12 Complex35 Complex742 Complex949
BCS1L : Complex15
NUP214 : Complex17 Complex195
NGDN : Complex21
TBK1 : Complex28
GNG5 : Complex33
CUL2 : Complex34 Complex469 Complex943
AP2M1 : Complex38 Complex185 Complex488
RALA : Complex39 Complex491 Complex1140
G3BP1 : Complex41
RBM28 : Complex42 Complex259 Complex315
SRP72 : Complex42 Complex63 Complex119 Complex537 Complex672 Complex836 Complex992 Complex994 Complex1001 Complex1035 Complex1157
LARP1 : Complex49 Complex63
DDX10 : Complex49 Complex63
MPHOSPH10 : Complex49 Complex144 Complex1001
PABPC4 : Complex63
WASHC4 : Complex85 Complex322
FKBP15 : Complex85
ZDHHC5 : Complex87
EXOSC5 : Complex88
EXOSC8 : Complex88 Complex853
EXOSC2 : Complex88 Complex853
EXOSC3 : Complex88
TCF12 : Complex92
CHPF : Complex93 Complex193 Complex963 Complex1091
MRPS25 : Complex97 Complex672
CEP68 : Complex108
PRKACA : Complex108 Complex1084
CDK5RAP2 : Complex108
FASTKD5 : Complex122
CRTC3 : Complex124
SLU7 : Complex147 Complex508 Complex758 Complex989 Complex1129
MIB1 : Complex154 Complex269
TMED5 : Complex160
GOLGA2 : Complex160 Complex774
NDUFB9 : Complex162 Complex172
PCSK6 : Complex168 Complex453
NDUFAF1 : Complex172
ECSIT : Complex172 Complex1111
PLEKHA5 : Complex182
MAP7D1 : Complex184
AP2A2 : Complex185
ATP13A3 : Complex186
AATF : Complex187 Complex280
UGGT2 : Complex190 Complex193 Complex453
POGLUT2 : Complex190 Complex452 Complex453 Complex963
CHPF2 : Complex193 Complex453
EDEM3 : Complex193 Complex453
NUP210 : Complex195
EMC1 : Complex202
MRPS5 : Complex209 Complex277
NUP98 : Complex213
NUP88 : Complex213
HOOK1 : Complex214
RAB1A : Complex221 Complex691
AAR2 : Complex222
ERLEC1 : Complex234
OS9 : Complex234
AP3B1 : Complex241
PKP2 : Complex245
ZC3H18 : Complex257
TIMM9 : Complex260
TIMM10 : Complex260
NINL : Complex266
MIPOL1 : Complex266
RTN4 : Complex273
FAM8A1 : Complex273 Complex714
MRPS2 : Complex277 Complex672 Complex1056
MRPS27 : Complex277 Complex836
TOR1AIP1 : Complex288
TLE1 : Complex293
GGCX : Complex325
PIGS : Complex331
GPAA1 : Complex331
SIRT5 : Complex343
GOLGA7 : Complex354
POLA1 : Complex357
RAB2A : Complex374 Complex855
TAPT1 : Complex390
DNAJC19 : Complex397
PDE4DIP : Complex409 Complex610
PRKAR2B : Complex409 Complex470
MFGE8 : Complex410
INHBE : Complex427
PSMD8 : Complex436 Complex513 Complex695
CSNK2A2 : Complex437 Complex619
ITGB1 : Complex450 Complex760
IL17RA : Complex453
BRD4 : Complex462
BRD2 : Complex462
TUBGCP3 : Complex465
TUBGCP2 : Complex465
GRIPAP1 : Complex490
GNB1 : Complex497
PDZD11 : Complex518
TOR1A : Complex529
RAB14 : Complex545
CEP350 : Complex565
BAG5 : Complex576
FBN1 : Complex577
FBLN5 : Complex577
INTS4 : Complex583
SLC44A2 : Complex585
STOM : Complex588
ATP6V1A : Complex588
YIF1A : Complex614
NEK9 : Complex618
CSNK2B : Complex619 Complex1024
PRRC2B : Complex621 Complex914
G3BP2 : Complex626
DPY19L1 : Complex630
DCAF7 : Complex640 Complex817
CENPF : Complex656
ABCC1 : Complex657
USP54 : Complex662
PABPC1 : Complex682
RNF41 : Complex684
SIL1 : Complex695
DNAJC11 : Complex714
VPS11 : Complex721
CYB5B : Complex745
SCAP : Complex767
GORASP1 : Complex774
RAB5C : Complex780
SUN2 : Complex780
ATE1 : Complex784
ACADM : Complex797
ELOC : Complex809
ELOB : Complex809
TBCA : Complex818
C1orf50 : Complex818
ERC1 : Complex819
CYB5R3 : Complex824
TRMT1 : Complex827
TIMM8B : Complex828
DNMT1 : Complex832
MYCBP2 : Complex840
CIT : Complex856
RAB8A : Complex859
REEP6 : Complex870
REEP5 : Complex870
PPIL3 : Complex874
GIGYF2 : Complex874
GRPEL1 : Complex889
CHMP2A : Complex896
PITRM1 : Complex908
FYCO1 : Complex909
IMPDH2 : Complex910
SNIP1 : Complex911
MAT2B : Complex933
ANO6 : Complex935
IDE : Complex936
RBX1 : Complex943
NGLY1 : Complex964
RDX : Complex969
CEP250 : Complex1007
CWC27 : Complex1022
GTF2F2 : Complex1024
ATP6AP1 : Complex1044
GDF15 : Complex1059
ETFA : Complex1061
MEPCE : Complex1070 Complex1089 Complex1122
NEU1 : Complex1079
PRKAR2A : Complex1084
ADAM9 : Complex1085
EIF4H : Complex1088
FOXRED2 : Complex1096
RETREG3 : Complex1104
ACAD9 : Complex1111
SAAL1 : Complex1141
